#
# A fatal error has been detected by the Java Runtime Environment:
#
#  SIGILL (0x4) at pc=0x000000401223b6fd, pid=52, tid=80
#
# JRE version: OpenJDK Runtime Environment 18.9 (11.0.12+7) (build 11.0.12+7)
# Java VM: OpenJDK 64-Bit Server VM 18.9 (11.0.12+7, mixed mode, sharing, tiered, compressed oops, g1 gc, linux-amd64)
# Problematic frame:
# J 118 c1 java.util.Objects.requireNonNull(Ljava/lang/Object;Ljava/lang/String;)Ljava/lang/Object; java.base@11.0.12 (15 bytes) @ 0x000000401223b6fd [0x000000401223b760+0xffffffffffffff9d]
#
# No core dump will be written. Core dumps have been disabled. To enable core dumping, try "ulimit -c unlimited" before starting Java again
#
# If you would like to submit a bug report, please visit:
#   https://bugreport.java.com/bugreport/crash.jsp
#

---------------  S U M M A R Y ------------

Command Line: -Xmx1g org.apache.spark.deploy.SparkSubmit --deploy-mode client --conf spark.driver.bindAddress= local:///opt/application/main.py

Host: x86_64, 4 cores, 7G, Debian GNU/Linux 10 (buster)
Time: Tue Nov 16 07:20:29 2021 UTC elapsed time: 3.299910 seconds (0d 0h 0m 3s)

---------------  T H R E A D  ---------------

Current thread (0x0000004004018800):  JavaThread "main" [_thread_in_Java, id=80, stack(0x000000400380f000,0x0000004003910000)]

Stack: [0x000000400380f000,0x0000004003910000],  sp=0x0000004003908b78,  free space=998k
Native frames: (J=compiled Java code, A=aot compiled Java code, j=interpreted, Vv=VM code, C=native code)
J 118 c1 java.util.Objects.requireNonNull(Ljava/lang/Object;Ljava/lang/String;)Ljava/lang/Object; java.base@11.0.12 (15 bytes) @ 0x000000401223b6fd [0x000000401223b760+0xffffffffffffff9d]

[error occurred during error reporting (printing native stack), id 0xb, SIGSEGV (0xb) at pc=0x00000040027968d1]


siginfo: si_signo: 4 (SIGILL), si_code: 2 (ILL_ILLOPN), si_addr: 0x000000401223b6fd

Register to memory mapping:

RAX={method} {0x000000080034d220} 'requireNonNull' '(Ljava/lang/Object;Ljava/lang/String;)Ljava/lang/Object;' in 'java/util/Objects'
RBX={method} {0x000000080034d220} 'requireNonNull' '(Ljava/lang/Object;Ljava/lang/String;)Ljava/lang/Object;' in 'java/util/Objects'
RCX=0x00000008002c83b0 is pointing into metadata
RDX=0x00000000fff10328 points into unknown readable memory: 0x00000060b495b301 | 01 b3 95 b4 60 00 00 00
RSP=0x0000004003908b78 is pointing into the stack for thread: 0x0000004004018800
RBP=0x0000004003908be0 is pointing into the stack for thread: 0x0000004004018800
RSI=0x00000000c7c959e0 points into unknown readable memory: 0x0000000000000005 | 05 00 00 00 00 00 00 00
RDI=0x000000080036b578 is pointing into metadata
R8 =0x0000000000000004 is an unknown value
R9 =0x00000000c7c8f0f8 points into unknown readable memory: 0x0000000000000001 | 01 00 00 00 00 00 00 00
R10=0x00000040034c7e20: <offset 0x0000000001479e20> in /usr/local/openjdk-11/lib/server/libjvm.so at 0x000000400204e000
R11=0x000000401223b760 is at entry_point+0 in (nmethod*)0x000000401223b590
R12=0x0 is NULL
R13=0x0000004003908b88 is pointing into the stack for thread: 0x0000004004018800
R14=0x0000004003908c00 is pointing into the stack for thread: 0x0000004004018800
R15=0x0000004004018800 is a thread


Registers:
RAX=0x000000080034d220, RBX=0x000000080034d220, RCX=0x00000008002c83b0, RDX=0x00000000fff10328
RSP=0x0000004003908b78, RBP=0x0000004003908be0, RSI=0x00000000c7c959e0, RDI=0x000000080036b578
R8 =0x0000000000000004, R9 =0x00000000c7c8f0f8, R10=0x00000040034c7e20, R11=0x000000401223b760
R12=0x0000000000000000, R13=0x0000004003908b88, R14=0x0000004003908c00, R15=0x0000004004018800
RIP=0x000000401223b6fd, EFLAGS=0x0000000000000202, CSGSFS=0x002b000000000033, ERR=0x0000000000000000
  TRAPNO=0xffffffffffffffff

Top of Stack: (sp=0x0000004003908b78)
0x0000004003908b78:   0000004011c92fc0 0000004011c92fc0
0x0000004003908b88:   00000000fff10328 00000000c7c959e0
0x0000004003908b98:   0000004003908b98 00000008007f149c
0x0000004003908ba8:   0000004003908c00 00000008002c83b0 

Instructions: (pc=0x000000401223b6fd)
0x000000401223b5fd:   00 00 00 20 d2 34 00 08 00 00 00 48 b9 23 12 40
0x000000401223b60d:   00 00 00 2d b9 23 12 40 00 00 00 00 00 00 00 00
0x000000401223b61d:   00 00 00 78 b9 23 12 40 00 00 00 78 b9 23 12 40
0x000000401223b62d:   00 00 00 78 b9 23 12 40 00 00 00 78 b9 23 12 40
0x000000401223b63d:   00 00 00 00 00 00 00 00 00 00 00 00 00 00 00 00
0x000000401223b64d:   00 00 00 00 00 00 00 00 00 00 00 ff ff ff ff 00
0x000000401223b65d:   00 00 00 00 00 00 00 00 00 00 00 00 00 00 00 00
0x000000401223b66d:   00 00 00 00 00 00 00 00 00 00 00 00 00 00 00 00
0x000000401223b67d:   00 00 00 00 00 00 00 00 00 00 00 60 b7 23 12 40
0x000000401223b68d:   00 00 00 60 b7 23 12 40 00 00 00 60 b7 23 12 40
0x000000401223b69d:   00 00 00 84 03 00 00 34 03 00 00 d0 01 00 00 70
0x000000401223b6ad:   03 00 00 b0 03 00 00 b0 03 00 00 00 00 00 00 e8
0x000000401223b6bd:   03 00 00 48 04 00 00 50 04 00 00 50 04 00 00 50
0x000000401223b6cd:   04 00 00 28 00 00 00 76 00 00 00 03 00 00 00 00
0x000000401223b6dd:   00 00 02 00 00 00 00 02 00 00 00 00 00 00 00 00
0x000000401223b6ed:   00 00 00 01 00 00 00 00 00 00 00 e0 01 00 00 ff
0x000000401223b6fd:   ff ff ff ff ff ff ff 00 00 00 00 0f c0 2c c0 45
0x000000401223b70d:   b0 08 00 65 c0 22 34 0f c0 17 64 0a c0 0f 64 0d
0x000000401223b71d:   64 37 64 0e 00 01 f8 f1 fe 05 50 00 c0 0a 64 05
0x000000401223b72d:   64 03 f8 ee 02 ff ff 40 00 05 70 0e 64 01 f8 4e
0x000000401223b73d:   ff 06 90 0c 64 00 00 00 00 00 00 00 00 00 00 00
0x000000401223b74d:   00 00 00 00 00 00 00 00 00 00 00 00 00 00 00 00
0x000000401223b75d:   00 00 00 e9 9b 5a a5 ff fe ff 55 48 83 ec 30 48
0x000000401223b76d:   8b da 48 b8 a0 ef 22 ce 42 00 00 00 8b 90 04 01
0x000000401223b77d:   00 00 83 c2 08 89 90 04 01 00 00 81 e2 f8 1f 00
0x000000401223b78d:   00 83 fa 00 0f 84 e7 00 00 00 48 83 fe 00 48 b8
0x000000401223b79d:   a0 ef 22 ce 42 00 00 00 48 ba 50 01 00 00 00 00
0x000000401223b7ad:   00 00 0f 84 0a 00 00 00 48 ba 40 01 00 00 00 00
0x000000401223b7bd:   00 00 48 8b 3c 10 48 8d 7f 01 48 89 3c 10 0f 84
0x000000401223b7cd:   13 00 00 00 48 8b c6 48 83 c4 30 5d 4d 8b 97 08
0x000000401223b7dd:   01 00 00 41 85 02 c3 0f 1f 40 00 e9 c1 00 00 00
0x000000401223b7ed:   00 00 00 00 00 49 8b 87 18 01 00 00 48 8d 78 28 


Stack slot to memory mapping:
stack at sp + 0 slots: 0x0000004011c92fc0 is at code_begin+1664 in an Interpreter codelet
invoke return entry points  [0x0000004011c92940, 0x0000004011c93360]  2592 bytes
stack at sp + 1 slots: 0x0000004011c92fc0 is at code_begin+1664 in an Interpreter codelet
invoke return entry points  [0x0000004011c92940, 0x0000004011c93360]  2592 bytes
stack at sp + 2 slots: 0x00000000fff10328 points into unknown readable memory: 0x00000060b495b301 | 01 b3 95 b4 60 00 00 00
stack at sp + 3 slots: 0x00000000c7c959e0 points into unknown readable memory: 0x0000000000000005 | 05 00 00 00 00 00 00 00
stack at sp + 4 slots: 0x0000004003908b98 is pointing into the stack for thread: 0x0000004004018800
stack at sp + 5 slots: 0x00000008007f149c is pointing into metadata
stack at sp + 6 slots: 0x0000004003908c00 is pointing into the stack for thread: 0x0000004004018800
stack at sp + 7 slots: 0x00000008002c83b0 is pointing into metadata



---------------  P R O C E S S  ---------------

Threads class SMR info:
_java_thread_list=0x0000004334000b20, length=9, elements={
0x0000004004018800, 0x00000040040f5800, 0x00000040040f7800, 0x00000040040fe800,
0x0000004004100800, 0x0000004004102800, 0x0000004004104800, 0x0000004004106800,
0x000000400417f800
}

Java Threads: ( => current thread )
=>0x0000004004018800 JavaThread "main" [_thread_in_Java, id=80, stack(0x000000400380f000,0x0000004003910000)]
  0x00000040040f5800 JavaThread "Reference Handler" daemon [_thread_blocked, id=87, stack(0x00000042d6be8000,0x00000042d6ce9000)]
  0x00000040040f7800 JavaThread "Finalizer" daemon [_thread_blocked, id=88, stack(0x00000042dece9000,0x00000042dedea000)]
  0x00000040040fe800 JavaThread "Signal Dispatcher" daemon [_thread_blocked, id=89, stack(0x00000042e6fa0000,0x00000042e70a1000)]
  0x0000004004100800 JavaThread "Service Thread" daemon [_thread_blocked, id=90, stack(0x00000042ef0a1000,0x00000042ef1a2000)]
  0x0000004004102800 JavaThread "C2 CompilerThread0" daemon [_thread_blocked, id=91, stack(0x00000042f71a2000,0x00000042f72a3000)]
  0x0000004004104800 JavaThread "C1 CompilerThread0" daemon [_thread_blocked, id=92, stack(0x00000042ff2a3000,0x00000042ff3a4000)]
  0x0000004004106800 JavaThread "Sweeper thread" daemon [_thread_blocked, id=93, stack(0x00000043073a4000,0x00000043074a5000)]
  0x000000400417f800 JavaThread "Common-Cleaner" daemon [_thread_blocked, id=95, stack(0x00000043175a7000,0x00000043176a8000)]

Other Threads:
  0x00000040040f2800 VMThread "VM Thread" [stack: 0x00000042ceae8000,0x00000042cebe8000] [id=86] _threads_hazard_ptr=0x0000004334000b20
  0x0000004004172800 WatcherThread [stack: 0x000000430f4a7000,0x000000430f5a7000] [id=94]
  0x0000004004030000 GCTaskThread "GC Thread#0" [stack: 0x0000004020e6d000,0x0000004020f6d000] [id=81]
  0x00000042d0001000 GCTaskThread "GC Thread#1" [stack: 0x000000431fdc2000,0x000000431fec2000] [id=96]
  0x00000042d0002800 GCTaskThread "GC Thread#2" [stack: 0x0000004327ec4000,0x0000004327fc4000] [id=97]
  0x000000400404c000 ConcurrentGCThread "G1 Main Marker" [stack: 0x000000402b996000,0x000000402ba96000] [id=82]
  0x000000400404d800 ConcurrentGCThread "G1 Conc#0" [stack: 0x0000004033a98000,0x0000004033b98000] [id=83]
  0x00000040040c4000 ConcurrentGCThread "G1 Refine#0" [stack: 0x000000403df9e000,0x000000403e09e000] [id=84]
  0x00000040040c6000 ConcurrentGCThread "G1 Young RemSet Sampling" [stack: 0x00000040460a0000,0x00000040461a0000] [id=85]

Threads with active compile tasks:

VM state:synchronizing (normal execution)

VM Mutex/Monitor currently owned by a thread:  ([mutex/lock_event])
[0x00000040040157c0] Safepoint_lock - owner thread: 0x00000040040f2800
[0x0000004004015850] Threads_lock - owner thread: 0x00000040040f2800

Heap address: 0x00000000c0000000, size: 1024 MB, Compressed Oops mode: 32-bit
Narrow klass base: 0x0000000800000000, Narrow klass shift: 3
Compressed class space size: 1073741824 Address: 0x0000000840000000

Heap:
 garbage-first heap   total 131072K, used 29979K [0x00000000c0000000, 0x0000000100000000)
  region size 1024K, 4 young (4096K), 2 survivors (2048K)
 Metaspace       used 3766K, capacity 7573K, committed 7808K, reserved 1056768K
  class space    used 472K, capacity 845K, committed 896K, reserved 1048576K
Heap Regions: E=young(eden), S=young(survivor), O=old, HS=humongous(starts), HC=humongous(continues), CS=collection set, F=free, A=archive, TAMS=top-at-mark-start (previous, next)
|   0|0x00000000c0000000, 0x00000000c0100000, 0x00000000c0100000|100%|HS|  |TAMS 0x00000000c0000000, 0x00000000c0000000| Complete 
|   1|0x00000000c0100000, 0x00000000c0200000, 0x00000000c0200000|100%|HC|  |TAMS 0x00000000c0100000, 0x00000000c0100000| Complete 
|   2|0x00000000c0200000, 0x00000000c0300000, 0x00000000c0300000|100%|HC|  |TAMS 0x00000000c0200000, 0x00000000c0200000| Complete 
|   3|0x00000000c0300000, 0x00000000c0400000, 0x00000000c0400000|100%|HS|  |TAMS 0x00000000c0300000, 0x00000000c0300000| Complete 
|   4|0x00000000c0400000, 0x00000000c0500000, 0x00000000c0500000|100%|HS|  |TAMS 0x00000000c0400000, 0x00000000c0400000| Complete 
|   5|0x00000000c0500000, 0x00000000c0600000, 0x00000000c0600000|100%|HS|  |TAMS 0x00000000c0500000, 0x00000000c0500000| Complete 
|   6|0x00000000c0600000, 0x00000000c0700000, 0x00000000c0700000|100%|HC|  |TAMS 0x00000000c0600000, 0x00000000c0600000| Complete 
|   7|0x00000000c0700000, 0x00000000c0800000, 0x00000000c0800000|100%|HC|  |TAMS 0x00000000c0700000, 0x00000000c0700000| Complete 
|   8|0x00000000c0800000, 0x00000000c0900000, 0x00000000c0900000|100%|HC|  |TAMS 0x00000000c0800000, 0x00000000c0800000| Complete 
|   9|0x00000000c0900000, 0x00000000c0a00000, 0x00000000c0a00000|100%|HC|  |TAMS 0x00000000c0900000, 0x00000000c0900000| Complete 
|  10|0x00000000c0a00000, 0x00000000c0b00000, 0x00000000c0b00000|100%|HC|  |TAMS 0x00000000c0a00000, 0x00000000c0a00000| Complete 
|  11|0x00000000c0b00000, 0x00000000c0c00000, 0x00000000c0c00000|100%|HS|  |TAMS 0x00000000c0b00000, 0x00000000c0b00000| Complete 
|  12|0x00000000c0c00000, 0x00000000c0d00000, 0x00000000c0d00000|100%| O|  |TAMS 0x00000000c0c00000, 0x00000000c0c00000| Untracked 
|  13|0x00000000c0d00000, 0x00000000c0e00000, 0x00000000c0e00000|100%| O|  |TAMS 0x00000000c0d00000, 0x00000000c0d00000| Untracked 
|  14|0x00000000c0e00000, 0x00000000c0f00000, 0x00000000c0f00000|100%| O|  |TAMS 0x00000000c0e00000, 0x00000000c0e00000| Untracked 
|  15|0x00000000c0f00000, 0x00000000c1000000, 0x00000000c1000000|100%| O|  |TAMS 0x00000000c0f00000, 0x00000000c0f00000| Untracked 
|  16|0x00000000c1000000, 0x00000000c1100000, 0x00000000c1100000|100%| O|  |TAMS 0x00000000c1000000, 0x00000000c1000000| Untracked 
|  17|0x00000000c1100000, 0x00000000c1200000, 0x00000000c1200000|100%| O|  |TAMS 0x00000000c1100000, 0x00000000c1100000| Untracked 
|  18|0x00000000c1200000, 0x00000000c1300000, 0x00000000c1300000|100%| O|  |TAMS 0x00000000c1200000, 0x00000000c1200000| Untracked 
|  19|0x00000000c1300000, 0x00000000c1400000, 0x00000000c1400000|100%|HS|  |TAMS 0x00000000c1300000, 0x00000000c1300000| Complete 
|  20|0x00000000c1400000, 0x00000000c1500000, 0x00000000c1500000|100%|HS|  |TAMS 0x00000000c1400000, 0x00000000c1400000| Complete 
|  21|0x00000000c1500000, 0x00000000c1600000, 0x00000000c1600000|100%| O|  |TAMS 0x00000000c1500000, 0x00000000c1500000| Untracked 
|  22|0x00000000c1600000, 0x00000000c1700000, 0x00000000c1700000|100%| O|  |TAMS 0x00000000c1600000, 0x00000000c1600000| Untracked 
|  23|0x00000000c1700000, 0x00000000c1800000, 0x00000000c1800000|100%| O|  |TAMS 0x00000000c1700000, 0x00000000c1700000| Untracked 
|  24|0x00000000c1800000, 0x00000000c1900000, 0x00000000c1900000|100%| O|  |TAMS 0x00000000c1800000, 0x00000000c1800000| Untracked 
|  25|0x00000000c1900000, 0x00000000c19a0e00, 0x00000000c1a00000| 62%| O|  |TAMS 0x00000000c1900000, 0x00000000c1900000| Untracked 
|  26|0x00000000c1a00000, 0x00000000c1a00000, 0x00000000c1b00000|  0%| F|  |TAMS 0x00000000c1a00000, 0x00000000c1a00000| Untracked 
|  27|0x00000000c1b00000, 0x00000000c1b00000, 0x00000000c1c00000|  0%| F|  |TAMS 0x00000000c1b00000, 0x00000000c1b00000| Untracked 
|  28|0x00000000c1c00000, 0x00000000c1c00000, 0x00000000c1d00000|  0%| F|  |TAMS 0x00000000c1c00000, 0x00000000c1c00000| Untracked 
|  29|0x00000000c1d00000, 0x00000000c1d00000, 0x00000000c1e00000|  0%| F|  |TAMS 0x00000000c1d00000, 0x00000000c1d00000| Untracked 
|  30|0x00000000c1e00000, 0x00000000c1e00000, 0x00000000c1f00000|  0%| F|  |TAMS 0x00000000c1e00000, 0x00000000c1e00000| Untracked 
|  31|0x00000000c1f00000, 0x00000000c1f00000, 0x00000000c2000000|  0%| F|  |TAMS 0x00000000c1f00000, 0x00000000c1f00000| Untracked 
|  32|0x00000000c2000000, 0x00000000c2000000, 0x00000000c2100000|  0%| F|  |TAMS 0x00000000c2000000, 0x00000000c2000000| Untracked 
|  33|0x00000000c2100000, 0x00000000c2100000, 0x00000000c2200000|  0%| F|  |TAMS 0x00000000c2100000, 0x00000000c2100000| Untracked 
|  34|0x00000000c2200000, 0x00000000c2200000, 0x00000000c2300000|  0%| F|  |TAMS 0x00000000c2200000, 0x00000000c2200000| Untracked 
|  35|0x00000000c2300000, 0x00000000c2300000, 0x00000000c2400000|  0%| F|  |TAMS 0x00000000c2300000, 0x00000000c2300000| Untracked 
|  36|0x00000000c2400000, 0x00000000c2400000, 0x00000000c2500000|  0%| F|  |TAMS 0x00000000c2400000, 0x00000000c2400000| Untracked 
|  37|0x00000000c2500000, 0x00000000c2500000, 0x00000000c2600000|  0%| F|  |TAMS 0x00000000c2500000, 0x00000000c2500000| Untracked 
|  38|0x00000000c2600000, 0x00000000c2600000, 0x00000000c2700000|  0%| F|  |TAMS 0x00000000c2600000, 0x00000000c2600000| Untracked 
|  39|0x00000000c2700000, 0x00000000c2700000, 0x00000000c2800000|  0%| F|  |TAMS 0x00000000c2700000, 0x00000000c2700000| Untracked 
|  40|0x00000000c2800000, 0x00000000c2800000, 0x00000000c2900000|  0%| F|  |TAMS 0x00000000c2800000, 0x00000000c2800000| Untracked 
|  41|0x00000000c2900000, 0x00000000c2900000, 0x00000000c2a00000|  0%| F|  |TAMS 0x00000000c2900000, 0x00000000c2900000| Untracked 
|  42|0x00000000c2a00000, 0x00000000c2a00000, 0x00000000c2b00000|  0%| F|  |TAMS 0x00000000c2a00000, 0x00000000c2a00000| Untracked 
|  43|0x00000000c2b00000, 0x00000000c2b00000, 0x00000000c2c00000|  0%| F|  |TAMS 0x00000000c2b00000, 0x00000000c2b00000| Untracked 
|  44|0x00000000c2c00000, 0x00000000c2c00000, 0x00000000c2d00000|  0%| F|  |TAMS 0x00000000c2c00000, 0x00000000c2c00000| Untracked 
|  45|0x00000000c2d00000, 0x00000000c2d00000, 0x00000000c2e00000|  0%| F|  |TAMS 0x00000000c2d00000, 0x00000000c2d00000| Untracked 
|  46|0x00000000c2e00000, 0x00000000c2e00000, 0x00000000c2f00000|  0%| F|  |TAMS 0x00000000c2e00000, 0x00000000c2e00000| Untracked 
|  47|0x00000000c2f00000, 0x00000000c2f00000, 0x00000000c3000000|  0%| F|  |TAMS 0x00000000c2f00000, 0x00000000c2f00000| Untracked 
|  48|0x00000000c3000000, 0x00000000c3000000, 0x00000000c3100000|  0%| F|  |TAMS 0x00000000c3000000, 0x00000000c3000000| Untracked 
|  49|0x00000000c3100000, 0x00000000c3100000, 0x00000000c3200000|  0%| F|  |TAMS 0x00000000c3100000, 0x00000000c3100000| Untracked 
|  50|0x00000000c3200000, 0x00000000c3200000, 0x00000000c3300000|  0%| F|  |TAMS 0x00000000c3200000, 0x00000000c3200000| Untracked 
|  51|0x00000000c3300000, 0x00000000c3300000, 0x00000000c3400000|  0%| F|  |TAMS 0x00000000c3300000, 0x00000000c3300000| Untracked 
|  52|0x00000000c3400000, 0x00000000c3400000, 0x00000000c3500000|  0%| F|  |TAMS 0x00000000c3400000, 0x00000000c3400000| Untracked 
|  53|0x00000000c3500000, 0x00000000c3500000, 0x00000000c3600000|  0%| F|  |TAMS 0x00000000c3500000, 0x00000000c3500000| Untracked 
|  54|0x00000000c3600000, 0x00000000c3600000, 0x00000000c3700000|  0%| F|  |TAMS 0x00000000c3600000, 0x00000000c3600000| Untracked 
|  55|0x00000000c3700000, 0x00000000c3700000, 0x00000000c3800000|  0%| F|  |TAMS 0x00000000c3700000, 0x00000000c3700000| Untracked 
|  56|0x00000000c3800000, 0x00000000c3800000, 0x00000000c3900000|  0%| F|  |TAMS 0x00000000c3800000, 0x00000000c3800000| Untracked 
|  57|0x00000000c3900000, 0x00000000c3900000, 0x00000000c3a00000|  0%| F|  |TAMS 0x00000000c3900000, 0x00000000c3900000| Untracked 
|  58|0x00000000c3a00000, 0x00000000c3a00000, 0x00000000c3b00000|  0%| F|  |TAMS 0x00000000c3a00000, 0x00000000c3a00000| Untracked 
|  59|0x00000000c3b00000, 0x00000000c3b00000, 0x00000000c3c00000|  0%| F|  |TAMS 0x00000000c3b00000, 0x00000000c3b00000| Untracked 
|  60|0x00000000c3c00000, 0x00000000c3c00000, 0x00000000c3d00000|  0%| F|  |TAMS 0x00000000c3c00000, 0x00000000c3c00000| Untracked 
|  61|0x00000000c3d00000, 0x00000000c3d00000, 0x00000000c3e00000|  0%| F|  |TAMS 0x00000000c3d00000, 0x00000000c3d00000| Untracked 
|  62|0x00000000c3e00000, 0x00000000c3e00000, 0x00000000c3f00000|  0%| F|  |TAMS 0x00000000c3e00000, 0x00000000c3e00000| Untracked 
|  63|0x00000000c3f00000, 0x00000000c3f00000, 0x00000000c4000000|  0%| F|  |TAMS 0x00000000c3f00000, 0x00000000c3f00000| Untracked 
|  64|0x00000000c4000000, 0x00000000c4000000, 0x00000000c4100000|  0%| F|  |TAMS 0x00000000c4000000, 0x00000000c4000000| Untracked 
|  65|0x00000000c4100000, 0x00000000c4100000, 0x00000000c4200000|  0%| F|  |TAMS 0x00000000c4100000, 0x00000000c4100000| Untracked 
|  66|0x00000000c4200000, 0x00000000c4200000, 0x00000000c4300000|  0%| F|  |TAMS 0x00000000c4200000, 0x00000000c4200000| Untracked 
|  67|0x00000000c4300000, 0x00000000c4300000, 0x00000000c4400000|  0%| F|  |TAMS 0x00000000c4300000, 0x00000000c4300000| Untracked 
|  68|0x00000000c4400000, 0x00000000c4400000, 0x00000000c4500000|  0%| F|  |TAMS 0x00000000c4400000, 0x00000000c4400000| Untracked 
|  69|0x00000000c4500000, 0x00000000c4500000, 0x00000000c4600000|  0%| F|  |TAMS 0x00000000c4500000, 0x00000000c4500000| Untracked 
|  70|0x00000000c4600000, 0x00000000c4600000, 0x00000000c4700000|  0%| F|  |TAMS 0x00000000c4600000, 0x00000000c4600000| Untracked 
|  71|0x00000000c4700000, 0x00000000c4700000, 0x00000000c4800000|  0%| F|  |TAMS 0x00000000c4700000, 0x00000000c4700000| Untracked 
|  72|0x00000000c4800000, 0x00000000c4800000, 0x00000000c4900000|  0%| F|  |TAMS 0x00000000c4800000, 0x00000000c4800000| Untracked 
|  73|0x00000000c4900000, 0x00000000c4900000, 0x00000000c4a00000|  0%| F|  |TAMS 0x00000000c4900000, 0x00000000c4900000| Untracked 
|  74|0x00000000c4a00000, 0x00000000c4a00000, 0x00000000c4b00000|  0%| F|  |TAMS 0x00000000c4a00000, 0x00000000c4a00000| Untracked 
|  75|0x00000000c4b00000, 0x00000000c4b00000, 0x00000000c4c00000|  0%| F|  |TAMS 0x00000000c4b00000, 0x00000000c4b00000| Untracked 
|  76|0x00000000c4c00000, 0x00000000c4c00000, 0x00000000c4d00000|  0%| F|  |TAMS 0x00000000c4c00000, 0x00000000c4c00000| Untracked 
|  77|0x00000000c4d00000, 0x00000000c4d00000, 0x00000000c4e00000|  0%| F|  |TAMS 0x00000000c4d00000, 0x00000000c4d00000| Untracked 
|  78|0x00000000c4e00000, 0x00000000c4e00000, 0x00000000c4f00000|  0%| F|  |TAMS 0x00000000c4e00000, 0x00000000c4e00000| Untracked 
|  79|0x00000000c4f00000, 0x00000000c4f00000, 0x00000000c5000000|  0%| F|  |TAMS 0x00000000c4f00000, 0x00000000c4f00000| Untracked 
|  80|0x00000000c5000000, 0x00000000c5000000, 0x00000000c5100000|  0%| F|  |TAMS 0x00000000c5000000, 0x00000000c5000000| Untracked 
|  81|0x00000000c5100000, 0x00000000c5100000, 0x00000000c5200000|  0%| F|  |TAMS 0x00000000c5100000, 0x00000000c5100000| Untracked 
|  82|0x00000000c5200000, 0x00000000c5200000, 0x00000000c5300000|  0%| F|  |TAMS 0x00000000c5200000, 0x00000000c5200000| Untracked 
|  83|0x00000000c5300000, 0x00000000c5300000, 0x00000000c5400000|  0%| F|  |TAMS 0x00000000c5300000, 0x00000000c5300000| Untracked 
|  84|0x00000000c5400000, 0x00000000c5400000, 0x00000000c5500000|  0%| F|  |TAMS 0x00000000c5400000, 0x00000000c5400000| Untracked 
|  85|0x00000000c5500000, 0x00000000c5500000, 0x00000000c5600000|  0%| F|  |TAMS 0x00000000c5500000, 0x00000000c5500000| Untracked 
|  86|0x00000000c5600000, 0x00000000c5600000, 0x00000000c5700000|  0%| F|  |TAMS 0x00000000c5600000, 0x00000000c5600000| Untracked 
|  87|0x00000000c5700000, 0x00000000c5700000, 0x00000000c5800000|  0%| F|  |TAMS 0x00000000c5700000, 0x00000000c5700000| Untracked 
|  88|0x00000000c5800000, 0x00000000c5800000, 0x00000000c5900000|  0%| F|  |TAMS 0x00000000c5800000, 0x00000000c5800000| Untracked 
|  89|0x00000000c5900000, 0x00000000c5900000, 0x00000000c5a00000|  0%| F|  |TAMS 0x00000000c5900000, 0x00000000c5900000| Untracked 
|  90|0x00000000c5a00000, 0x00000000c5a00000, 0x00000000c5b00000|  0%| F|  |TAMS 0x00000000c5a00000, 0x00000000c5a00000| Untracked 
|  91|0x00000000c5b00000, 0x00000000c5b00000, 0x00000000c5c00000|  0%| F|  |TAMS 0x00000000c5b00000, 0x00000000c5b00000| Untracked 
|  92|0x00000000c5c00000, 0x00000000c5c00000, 0x00000000c5d00000|  0%| F|  |TAMS 0x00000000c5c00000, 0x00000000c5c00000| Untracked 
|  93|0x00000000c5d00000, 0x00000000c5d00000, 0x00000000c5e00000|  0%| F|  |TAMS 0x00000000c5d00000, 0x00000000c5d00000| Untracked 
|  94|0x00000000c5e00000, 0x00000000c5e00000, 0x00000000c5f00000|  0%| F|  |TAMS 0x00000000c5e00000, 0x00000000c5e00000| Untracked 
|  95|0x00000000c5f00000, 0x00000000c5f00000, 0x00000000c6000000|  0%| F|  |TAMS 0x00000000c5f00000, 0x00000000c5f00000| Untracked 
|  96|0x00000000c6000000, 0x00000000c6000000, 0x00000000c6100000|  0%| F|  |TAMS 0x00000000c6000000, 0x00000000c6000000| Untracked 
|  97|0x00000000c6100000, 0x00000000c6100000, 0x00000000c6200000|  0%| F|  |TAMS 0x00000000c6100000, 0x00000000c6100000| Untracked 
|  98|0x00000000c6200000, 0x00000000c6200000, 0x00000000c6300000|  0%| F|  |TAMS 0x00000000c6200000, 0x00000000c6200000| Untracked 
|  99|0x00000000c6300000, 0x00000000c6300000, 0x00000000c6400000|  0%| F|  |TAMS 0x00000000c6300000, 0x00000000c6300000| Untracked 
| 100|0x00000000c6400000, 0x00000000c6400000, 0x00000000c6500000|  0%| F|  |TAMS 0x00000000c6400000, 0x00000000c6400000| Untracked 
| 101|0x00000000c6500000, 0x00000000c6500000, 0x00000000c6600000|  0%| F|  |TAMS 0x00000000c6500000, 0x00000000c6500000| Untracked 
| 102|0x00000000c6600000, 0x00000000c6600000, 0x00000000c6700000|  0%| F|  |TAMS 0x00000000c6600000, 0x00000000c6600000| Untracked 
| 103|0x00000000c6700000, 0x00000000c6700000, 0x00000000c6800000|  0%| F|  |TAMS 0x00000000c6700000, 0x00000000c6700000| Untracked 
| 104|0x00000000c6800000, 0x00000000c6800000, 0x00000000c6900000|  0%| F|  |TAMS 0x00000000c6800000, 0x00000000c6800000| Untracked 
| 105|0x00000000c6900000, 0x00000000c6900000, 0x00000000c6a00000|  0%| F|  |TAMS 0x00000000c6900000, 0x00000000c6900000| Untracked 
| 106|0x00000000c6a00000, 0x00000000c6a00000, 0x00000000c6b00000|  0%| F|  |TAMS 0x00000000c6a00000, 0x00000000c6a00000| Untracked 
| 107|0x00000000c6b00000, 0x00000000c6b00000, 0x00000000c6c00000|  0%| F|  |TAMS 0x00000000c6b00000, 0x00000000c6b00000| Untracked 
| 108|0x00000000c6c00000, 0x00000000c6c00000, 0x00000000c6d00000|  0%| F|  |TAMS 0x00000000c6c00000, 0x00000000c6c00000| Untracked 
| 109|0x00000000c6d00000, 0x00000000c6d00000, 0x00000000c6e00000|  0%| F|  |TAMS 0x00000000c6d00000, 0x00000000c6d00000| Untracked 
| 110|0x00000000c6e00000, 0x00000000c6f00000, 0x00000000c6f00000|100%| S|CS|TAMS 0x00000000c6e00000, 0x00000000c6e00000| Complete 
| 111|0x00000000c6f00000, 0x00000000c7000000, 0x00000000c7000000|100%| S|CS|TAMS 0x00000000c6f00000, 0x00000000c6f00000| Complete 
| 112|0x00000000c7000000, 0x00000000c7000000, 0x00000000c7100000|  0%| F|  |TAMS 0x00000000c7000000, 0x00000000c7000000| Untracked 
| 113|0x00000000c7100000, 0x00000000c7100000, 0x00000000c7200000|  0%| F|  |TAMS 0x00000000c7100000, 0x00000000c7100000| Untracked 
| 114|0x00000000c7200000, 0x00000000c7200000, 0x00000000c7300000|  0%| F|  |TAMS 0x00000000c7200000, 0x00000000c7200000| Untracked 
| 115|0x00000000c7300000, 0x00000000c7300000, 0x00000000c7400000|  0%| F|  |TAMS 0x00000000c7300000, 0x00000000c7300000| Untracked 
| 116|0x00000000c7400000, 0x00000000c7400000, 0x00000000c7500000|  0%| F|  |TAMS 0x00000000c7400000, 0x00000000c7400000| Untracked 
| 117|0x00000000c7500000, 0x00000000c7500000, 0x00000000c7600000|  0%| F|  |TAMS 0x00000000c7500000, 0x00000000c7500000| Untracked 
| 118|0x00000000c7600000, 0x00000000c7600000, 0x00000000c7700000|  0%| F|  |TAMS 0x00000000c7600000, 0x00000000c7600000| Untracked 
| 119|0x00000000c7700000, 0x00000000c7700000, 0x00000000c7800000|  0%| F|  |TAMS 0x00000000c7700000, 0x00000000c7700000| Untracked 
| 120|0x00000000c7800000, 0x00000000c7800000, 0x00000000c7900000|  0%| F|  |TAMS 0x00000000c7800000, 0x00000000c7800000| Untracked 
| 121|0x00000000c7900000, 0x00000000c7900000, 0x00000000c7a00000|  0%| F|  |TAMS 0x00000000c7900000, 0x00000000c7900000| Untracked 
| 122|0x00000000c7a00000, 0x00000000c7a00000, 0x00000000c7b00000|  0%| F|  |TAMS 0x00000000c7a00000, 0x00000000c7a00000| Untracked 
| 123|0x00000000c7b00000, 0x00000000c7b00000, 0x00000000c7c00000|  0%| F|  |TAMS 0x00000000c7b00000, 0x00000000c7b00000| Untracked 
| 124|0x00000000c7c00000, 0x00000000c7ce1e60, 0x00000000c7d00000| 88%| E|  |TAMS 0x00000000c7c00000, 0x00000000c7c00000| Complete 
| 125|0x00000000c7d00000, 0x00000000c7e00000, 0x00000000c7e00000|100%| E|CS|TAMS 0x00000000c7d00000, 0x00000000c7d00000| Complete 
|1022|0x00000000ffe00000, 0x00000000ffe42000, 0x00000000fff00000| 25%|OA|  |TAMS 0x00000000ffe00000, 0x00000000ffe00000| Untracked 
|1023|0x00000000fff00000, 0x00000000fff64000, 0x0000000100000000| 39%|CA|  |TAMS 0x00000000fff00000, 0x00000000fff00000| Untracked 

Card table byte_map: [0x0000004029571000,0x0000004029771000] _byte_map_base: 0x0000004028f71000

Marking Bits (Prev, Next): (CMBitMap*) 0x0000004004046e38, (CMBitMap*) 0x0000004004046e70
 Prev Bits: [0x0000004029971000, 0x000000402a971000)
 Next Bits: [0x000000402a971000, 0x000000402b971000)

Polling page: 0x0000004011a5c000

Metaspace:

Usage:
  Non-class:      6.57 MB capacity,     3.22 MB ( 49%) used,     3.35 MB ( 51%) free+waste,     2.94 KB ( <1%) overhead. 
      Class:    845.00 KB capacity,   472.28 KB ( 56%) used,   371.28 KB ( 44%) free+waste,     1.44 KB ( <1%) overhead. 
       Both:      7.40 MB capacity,     3.68 MB ( 50%) used,     3.71 MB ( 50%) free+waste,     4.38 KB ( <1%) overhead. 

Virtual space:
  Non-class space:        8.00 MB reserved,       6.75 MB ( 84%) committed 
      Class space:        1.00 GB reserved,     896.00 KB ( <1%) committed 
             Both:        1.01 GB reserved,       7.62 MB ( <1%) committed 

Chunk freelists:
   Non-Class:  48.00 KB
       Class:  19.00 KB
        Both:  67.00 KB

MaxMetaspaceSize: unlimited
CompressedClassSpaceSize: 1.00 GB
Initial GC threshold: 20.80 MB
Current GC threshold: 20.80 MB
CDS: on

CodeHeap 'non-profiled nmethods': size=120032Kb used=200Kb max_used=200Kb free=119831Kb
 bounds [0x0000004019751000, 0x00000040199c1000, 0x0000004020c89000]
CodeHeap 'profiled nmethods': size=120032Kb used=850Kb max_used=850Kb free=119181Kb
 bounds [0x0000004012219000, 0x0000004012489000, 0x0000004019751000]
CodeHeap 'non-nmethods': size=5696Kb used=1096Kb max_used=1107Kb free=4599Kb
 bounds [0x0000004011c89000, 0x0000004011ef9000, 0x0000004012219000]
 total_blobs=813 nmethods=473 adapters=255
 compilation: enabled
              stopped_count=0, restarted_count=0
 full_count=0

Compilation events (20 events):
Event: 2.806 Thread 0x0000004004102800  476       4       java.util.HashMap::getNode (148 bytes)
Event: 2.829 Thread 0x0000004004102800 nmethod 476 0x0000004019780c90 code [0x0000004019780e60, 0x0000004019781228]
Event: 2.829 Thread 0x0000004004102800  477       4       java.lang.String::startsWith (138 bytes)
Event: 2.851 Thread 0x0000004004102800 nmethod 477 0x0000004019781510 code [0x00000040197816a0, 0x00000040197818d8]
Event: 2.975 Thread 0x0000004004102800  478       4       java.util.HashMap::get (23 bytes)
Event: 2.997 Thread 0x0000004004102800 nmethod 478 0x0000004019781a90 code [0x0000004019781c60, 0x00000040197820a8]
Event: 3.175 Thread 0x0000004004104800  481       3       java.net.URL::<init> (8 bytes)
Event: 3.176 Thread 0x0000004004104800 nmethod 481 0x00000040122eb690 code [0x00000040122eb840, 0x00000040122eb980]
Event: 3.200 Thread 0x0000004004102800  482       4       java.util.concurrent.ConcurrentHashMap::casTabAt (21 bytes)
Event: 3.202 Thread 0x0000004004104800  483       3       jdk.internal.loader.ClassLoaders$BootClassLoader::loadClassOrNull (11 bytes)
Event: 3.205 Thread 0x0000004004104800 nmethod 483 0x00000040122eba10 code [0x00000040122ebbe0, 0x00000040122ebf30]
Event: 3.205 Thread 0x0000004004104800  484       3       java.lang.System$2::findBootstrapClassOrNull (6 bytes)
Event: 3.207 Thread 0x0000004004104800 nmethod 484 0x00000040122ec090 code [0x00000040122ec260, 0x00000040122ec530]
Event: 3.207 Thread 0x0000004004104800  485       3       java.lang.ClassLoader::loadClass (7 bytes)
Event: 3.209 Thread 0x0000004004104800 nmethod 485 0x00000040122ec690 code [0x00000040122ec840, 0x00000040122eca20]
Event: 3.209 Thread 0x0000004004104800  486       3       jdk.internal.loader.ClassLoaders$AppClassLoader::loadClass (40 bytes)
Event: 3.211 Thread 0x0000004004102800 nmethod 482 0x0000004019782d10 code [0x0000004019782ea0, 0x0000004019782fb8]
Event: 3.214 Thread 0x0000004004104800 nmethod 486 0x00000040122ecb10 code [0x00000040122ecd60, 0x00000040122ed670]
Event: 3.229 Thread 0x0000004004102800  487       4       java.util.Objects::requireNonNull (15 bytes)
Event: 3.232 Thread 0x0000004004102800 nmethod 487 0x0000004019783010 code [0x00000040197831a0, 0x00000040197831f8]

GC Heap History (6 events):
Event: 1.412 GC heap before
{Heap before GC invocations=0 (full 0):
 garbage-first heap   total 131072K, used 26264K [0x00000000c0000000, 0x0000000100000000)
  region size 1024K, 14 young (14336K), 0 survivors (0K)
 Metaspace       used 463K, capacity 4480K, committed 4480K, reserved 1056768K
  class space    used 20K, capacity 384K, committed 384K, reserved 1048576K
}
Event: 1.491 GC heap after
{Heap after GC invocations=1 (full 0):
 garbage-first heap   total 131072K, used 22022K [0x00000000c0000000, 0x0000000100000000)
  region size 1024K, 2 young (2048K), 2 survivors (2048K)
 Metaspace       used 463K, capacity 4480K, committed 4480K, reserved 1056768K
  class space    used 20K, capacity 384K, committed 384K, reserved 1048576K
}
Event: 1.730 GC heap before
{Heap before GC invocations=1 (full 0):
 garbage-first heap   total 131072K, used 27142K [0x00000000c0000000, 0x0000000100000000)
  region size 1024K, 6 young (6144K), 2 survivors (2048K)
 Metaspace       used 511K, capacity 4480K, committed 4480K, reserved 1056768K
  class space    used 20K, capacity 384K, committed 384K, reserved 1048576K
}
Event: 1.769 GC heap after
{Heap after GC invocations=2 (full 0):
 garbage-first heap   total 131072K, used 27531K [0x00000000c0000000, 0x0000000100000000)
  region size 1024K, 1 young (1024K), 1 survivors (1024K)
 Metaspace       used 511K, capacity 4480K, committed 4480K, reserved 1056768K
  class space    used 20K, capacity 384K, committed 384K, reserved 1048576K
}
Event: 3.117 GC heap before
{Heap before GC invocations=2 (full 0):
 garbage-first heap   total 131072K, used 39819K [0x00000000c0000000, 0x0000000100000000)
  region size 1024K, 14 young (14336K), 1 survivors (1024K)
 Metaspace       used 3412K, capacity 7189K, committed 7424K, reserved 1056768K
  class space    used 294K, capacity 653K, committed 768K, reserved 1048576K
}
Event: 3.127 GC heap after
{Heap after GC invocations=3 (full 0):
 garbage-first heap   total 131072K, used 28955K [0x00000000c0000000, 0x0000000100000000)
  region size 1024K, 2 young (2048K), 2 survivors (2048K)
 Metaspace       used 3412K, capacity 7189K, committed 7424K, reserved 1056768K
  class space    used 294K, capacity 653K, committed 768K, reserved 1048576K
}

Deoptimization events (20 events):
Event: 1.659 Thread 0x0000004004018800 DEOPT PACKING pc=0x00000040122655ad sp=0x000000400390a550
Event: 1.659 Thread 0x0000004004018800 DEOPT UNPACKING pc=0x0000004011cd362b sp=0x0000004003909b60 mode 0
Event: 1.673 Thread 0x0000004004018800 DEOPT PACKING pc=0x000000401226506b sp=0x000000400390a550
Event: 1.673 Thread 0x0000004004018800 DEOPT UNPACKING pc=0x0000004011cd362b sp=0x0000004003909ae8 mode 0
Event: 1.702 Thread 0x0000004004018800 DEOPT PACKING pc=0x00000040122655ad sp=0x000000400390a550
Event: 1.702 Thread 0x0000004004018800 DEOPT UNPACKING pc=0x0000004011cd362b sp=0x0000004003909b60 mode 0
Event: 1.774 Thread 0x0000004004018800 DEOPT PACKING pc=0x00000040122655ad sp=0x000000400390a500
Event: 1.774 Thread 0x0000004004018800 DEOPT UNPACKING pc=0x0000004011cd362b sp=0x0000004003909b10 mode 0
Event: 1.822 Thread 0x0000004004018800 DEOPT PACKING pc=0x00000040122416cf sp=0x000000400390b460
Event: 1.822 Thread 0x0000004004018800 DEOPT UNPACKING pc=0x0000004011cd362b sp=0x000000400390a920 mode 0
Event: 1.828 Thread 0x0000004004018800 DEOPT PACKING pc=0x00000040122416cf sp=0x000000400390b4a0
Event: 1.828 Thread 0x0000004004018800 DEOPT UNPACKING pc=0x0000004011cd362b sp=0x000000400390a960 mode 0
Event: 1.837 Thread 0x0000004004018800 DEOPT PACKING pc=0x00000040122416cf sp=0x000000400390b460
Event: 1.837 Thread 0x0000004004018800 DEOPT UNPACKING pc=0x0000004011cd362b sp=0x000000400390a908 mode 0
Event: 1.887 Thread 0x0000004004018800 DEOPT PACKING pc=0x00000040122598c2 sp=0x000000400390adc0
Event: 1.887 Thread 0x0000004004018800 DEOPT UNPACKING pc=0x0000004011cd362b sp=0x000000400390a248 mode 0
Event: 1.902 Thread 0x0000004004018800 DEOPT PACKING pc=0x000000401226506b sp=0x00000040039078e0
Event: 1.903 Thread 0x0000004004018800 DEOPT UNPACKING pc=0x0000004011cd362b sp=0x0000004003906e78 mode 0
Event: 1.910 Thread 0x0000004004018800 DEOPT PACKING pc=0x0000004012237b78 sp=0x000000400390ab50
Event: 1.910 Thread 0x0000004004018800 DEOPT UNPACKING pc=0x0000004011cd362b sp=0x000000400390a000 mode 0

Classes redefined (0 events):
No events

Internal exceptions (20 events):
Event: 1.157 Thread 0x0000004004018800 Exception <a 'java/security/PrivilegedActionException'{0x00000000c744bef8}> (0x00000000c744bef8) thrown at [./src/hotspot/share/prims/jvm.cpp, line 1306]
Event: 1.158 Thread 0x0000004004018800 Exception <a 'java/security/PrivilegedActionException'{0x00000000c744c860}> (0x00000000c744c860) thrown at [./src/hotspot/share/prims/jvm.cpp, line 1306]
Event: 1.158 Thread 0x0000004004018800 Exception <a 'java/security/PrivilegedActionException'{0x00000000c744cb30}> (0x00000000c744cb30) thrown at [./src/hotspot/share/prims/jvm.cpp, line 1306]
Event: 1.158 Thread 0x0000004004018800 Exception <a 'java/security/PrivilegedActionException'{0x00000000c744d498}> (0x00000000c744d498) thrown at [./src/hotspot/share/prims/jvm.cpp, line 1306]
Event: 1.158 Thread 0x0000004004018800 Exception <a 'java/security/PrivilegedActionException'{0x00000000c744d768}> (0x00000000c744d768) thrown at [./src/hotspot/share/prims/jvm.cpp, line 1306]
Event: 1.158 Thread 0x0000004004018800 Exception <a 'java/security/PrivilegedActionException'{0x00000000c744e0f0}> (0x00000000c744e0f0) thrown at [./src/hotspot/share/prims/jvm.cpp, line 1306]
Event: 1.158 Thread 0x0000004004018800 Exception <a 'java/security/PrivilegedActionException'{0x00000000c744e3c0}> (0x00000000c744e3c0) thrown at [./src/hotspot/share/prims/jvm.cpp, line 1306]
Event: 1.158 Thread 0x0000004004018800 Exception <a 'java/security/PrivilegedActionException'{0x00000000c744ed48}> (0x00000000c744ed48) thrown at [./src/hotspot/share/prims/jvm.cpp, line 1306]
Event: 1.159 Thread 0x0000004004018800 Exception <a 'java/security/PrivilegedActionException'{0x00000000c744f018}> (0x00000000c744f018) thrown at [./src/hotspot/share/prims/jvm.cpp, line 1306]
Event: 1.159 Thread 0x0000004004018800 Exception <a 'java/security/PrivilegedActionException'{0x00000000c744f980}> (0x00000000c744f980) thrown at [./src/hotspot/share/prims/jvm.cpp, line 1306]
Event: 1.159 Thread 0x0000004004018800 Exception <a 'java/security/PrivilegedActionException'{0x00000000c744fc50}> (0x00000000c744fc50) thrown at [./src/hotspot/share/prims/jvm.cpp, line 1306]
Event: 1.159 Thread 0x0000004004018800 Exception <a 'java/security/PrivilegedActionException'{0x00000000c74505d8}> (0x00000000c74505d8) thrown at [./src/hotspot/share/prims/jvm.cpp, line 1306]
Event: 1.159 Thread 0x0000004004018800 Exception <a 'java/security/PrivilegedActionException'{0x00000000c74508a8}> (0x00000000c74508a8) thrown at [./src/hotspot/share/prims/jvm.cpp, line 1306]
Event: 1.159 Thread 0x0000004004018800 Exception <a 'java/security/PrivilegedActionException'{0x00000000c7451210}> (0x00000000c7451210) thrown at [./src/hotspot/share/prims/jvm.cpp, line 1306]
Event: 1.159 Thread 0x0000004004018800 Exception <a 'java/security/PrivilegedActionException'{0x00000000c74514e0}> (0x00000000c74514e0) thrown at [./src/hotspot/share/prims/jvm.cpp, line 1306]
Event: 1.159 Thread 0x0000004004018800 Exception <a 'java/security/PrivilegedActionException'{0x00000000c7451e68}> (0x00000000c7451e68) thrown at [./src/hotspot/share/prims/jvm.cpp, line 1306]
Event: 1.160 Thread 0x0000004004018800 Exception <a 'java/security/PrivilegedActionException'{0x00000000c7452138}> (0x00000000c7452138) thrown at [./src/hotspot/share/prims/jvm.cpp, line 1306]
Event: 1.160 Thread 0x0000004004018800 Exception <a 'java/security/PrivilegedActionException'{0x00000000c7452ac0}> (0x00000000c7452ac0) thrown at [./src/hotspot/share/prims/jvm.cpp, line 1306]
Event: 1.160 Thread 0x0000004004018800 Exception <a 'java/security/PrivilegedActionException'{0x00000000c7452d90}> (0x00000000c7452d90) thrown at [./src/hotspot/share/prims/jvm.cpp, line 1306]
Event: 2.626 Thread 0x0000004004018800 Exception <a 'java/lang/NoSuchMethodError'{0x00000000c743f268}: 'void java.lang.invoke.DirectMethodHandle$Holder.invokeStatic(java.lang.Object, int)'> (0x00000000c743f268) thrown at [./src/hotspot/share/interpreter/linkResolver.cpp, line 773]

Events (20 events):
Event: 3.217 loading class scala/util/control/Breaks
Event: 3.217 loading class scala/util/control/Breaks done
Event: 3.220 loading class scala/util/control/BreakControl
Event: 3.220 loading class scala/util/control/BreakControl done
Event: 3.221 loading class scala/util/control/Breaks$TryBlock
Event: 3.221 loading class scala/util/control/Breaks$TryBlock done
Event: 3.223 loading class scala/util/control/NoStackTrace$
Event: 3.223 loading class scala/util/control/NoStackTrace$ done
Event: 3.225 loading class scala/sys/SystemProperties$
Event: 3.225 loading class scala/sys/SystemProperties$ done
Event: 3.227 loading class scala/sys/BooleanProp$
Event: 3.227 loading class scala/sys/BooleanProp$ done
Event: 3.228 loading class scala/sys/BooleanProp
Event: 3.228 loading class scala/sys/BooleanProp done
Event: 3.229 loading class scala/sys/Prop
Event: 3.229 loading class scala/sys/Prop done
Event: 3.231 loading class scala/sys/BooleanProp$BooleanPropImpl
Event: 3.231 loading class scala/sys/BooleanProp$BooleanPropImpl done
Event: 3.232 loading class scala/sys/PropImpl
Event: 3.232 loading class scala/sys/PropImpl done


Dynamic libraries:
00200000-002b4000 r--p 00000000 fe:01 1966108                            /usr/bin/qemu-x86_64
002c3000-0045a000 r-xp 000b3000 fe:01 1966108                            /usr/bin/qemu-x86_64
00469000-004a3000 rw-p 00249000 fe:01 1966108                            /usr/bin/qemu-x86_64
004b2000-004c6000 rw-p 00282000 fe:01 1966108                            /usr/bin/qemu-x86_64
004c6000-004e6000 rw-p 00000000 00:00 0 
0e25a000-0e25b000 ---p 00000000 00:00 0                                  [heap]
0e25b000-0e26b000 rw-p 00000000 00:00 0                                  [heap]
c0000000-c7e00000 rw-p 00000000 00:00 0 
c7e00000-ffe00000 ---p 00000000 00:00 0 
ffe00000-ffe42000 rw-p 00e3c000 fe:01 10224028                           /usr/local/openjdk-11/lib/server/classes.jsa
ffe42000-fff00000 rw-p 00000000 00:00 0 
fff00000-fff64000 rw-p 00dd8000 fe:01 10224028                           /usr/local/openjdk-11/lib/server/classes.jsa
fff64000-100000000 rw-p 00000000 00:00 0 
800000000-800001000 r-xp 00001000 fe:01 10224028                         /usr/local/openjdk-11/lib/server/classes.jsa
800001000-800002000 rwxp 00002000 fe:01 10224028                         /usr/local/openjdk-11/lib/server/classes.jsa
800002000-8003b3000 rw-p 00003000 fe:01 10224028                         /usr/local/openjdk-11/lib/server/classes.jsa
8003b3000-80095e000 r--p 003b4000 fe:01 10224028                         /usr/local/openjdk-11/lib/server/classes.jsa
80095e000-80095f000 rw-p 0095f000 fe:01 10224028                         /usr/local/openjdk-11/lib/server/classes.jsa
80095f000-800dd7000 r--p 00960000 fe:01 10224028                         /usr/local/openjdk-11/lib/server/classes.jsa
840000000-8400e0000 rw-p 00000000 00:00 0 
8400e0000-880000000 ---p 00000000 00:00 0 
4000000000-4000001000 r--p 00000000 fe:01 9964187                        /usr/local/openjdk-11/bin/java
4000001000-4000201000 ---p 00000000 00:00 0 
4000201000-4000202000 r--p 00001000 fe:01 9964187                        /usr/local/openjdk-11/bin/java
4000202000-4000203000 rw-p 00002000 fe:01 9964187                        /usr/local/openjdk-11/bin/java
4000203000-4000245000 rw-p 00000000 00:00 0 
4001203000-4001204000 ---p 00000000 00:00 0 
4001204000-4001a04000 rw-p 00000000 00:00 0 
4001a04000-4001a05000 r--p 00000000 fe:01 4197419                        /lib/x86_64-linux-gnu/ld-2.28.so
4001a05000-4001a23000 r--p 00001000 fe:01 4197419                        /lib/x86_64-linux-gnu/ld-2.28.so
4001a23000-4001a2b000 r--p 0001f000 fe:01 4197419                        /lib/x86_64-linux-gnu/ld-2.28.so
4001a2b000-4001a2c000 r--p 00026000 fe:01 4197419                        /lib/x86_64-linux-gnu/ld-2.28.so
4001a2c000-4001a2d000 rw-p 00027000 fe:01 4197419                        /lib/x86_64-linux-gnu/ld-2.28.so
4001a2d000-4001a30000 rw-p 00000000 00:00 0 
4001a35000-4001a51000 r--p 00000000 fe:01 4197535                        /lib/x86_64-linux-gnu/libz.so.1.2.11
4001a51000-4001c51000 ---p 0001c000 fe:01 4197535                        /lib/x86_64-linux-gnu/libz.so.1.2.11
4001c51000-4001c52000 r--p 0001c000 fe:01 4197535                        /lib/x86_64-linux-gnu/libz.so.1.2.11
4001c52000-4001c53000 rw-p 0001d000 fe:01 4197535                        /lib/x86_64-linux-gnu/libz.so.1.2.11
4001c53000-4001c55000 rw-p 00000000 00:00 0 
4001c55000-4001c5b000 r--p 00000000 fe:01 4197501                        /lib/x86_64-linux-gnu/libpthread-2.28.so
4001c5b000-4001c6a000 r--p 00006000 fe:01 4197501                        /lib/x86_64-linux-gnu/libpthread-2.28.so
4001c6a000-4001c70000 r--p 00015000 fe:01 4197501                        /lib/x86_64-linux-gnu/libpthread-2.28.so
4001c70000-4001c71000 r--p 0001a000 fe:01 4197501                        /lib/x86_64-linux-gnu/libpthread-2.28.so
4001c71000-4001c72000 rw-p 0001b000 fe:01 4197501                        /lib/x86_64-linux-gnu/libpthread-2.28.so
4001c72000-4001c76000 rw-p 00000000 00:00 0 
4001c76000-4001c85000 r--p 00000000 fe:01 10223976                       /usr/local/openjdk-11/lib/jli/libjli.so
4001c85000-4001e84000 ---p 0000f000 fe:01 10223976                       /usr/local/openjdk-11/lib/jli/libjli.so
4001e84000-4001e85000 r--p 0000e000 fe:01 10223976                       /usr/local/openjdk-11/lib/jli/libjli.so
4001e85000-4001e86000 rw-p 0000f000 fe:01 10223976                       /usr/local/openjdk-11/lib/jli/libjli.so
4001e86000-4001e87000 r--p 00000000 fe:01 4197446                        /lib/x86_64-linux-gnu/libdl-2.28.so
4001e87000-4001e88000 r--p 00001000 fe:01 4197446                        /lib/x86_64-linux-gnu/libdl-2.28.so
4001e88000-4001e89000 r--p 00002000 fe:01 4197446                        /lib/x86_64-linux-gnu/libdl-2.28.so
4001e89000-4001e8a000 r--p 00002000 fe:01 4197446                        /lib/x86_64-linux-gnu/libdl-2.28.so
4001e8a000-4001e8b000 rw-p 00003000 fe:01 4197446                        /lib/x86_64-linux-gnu/libdl-2.28.so
4001e8b000-4001ead000 r--p 00000000 fe:01 4197435                        /lib/x86_64-linux-gnu/libc-2.28.so
4001ead000-4001ff5000 r--p 00022000 fe:01 4197435                        /lib/x86_64-linux-gnu/libc-2.28.so
4001ff5000-4002041000 r--p 0016a000 fe:01 4197435                        /lib/x86_64-linux-gnu/libc-2.28.so
4002041000-4002042000 ---p 001b6000 fe:01 4197435                        /lib/x86_64-linux-gnu/libc-2.28.so
4002042000-4002046000 r--p 001b6000 fe:01 4197435                        /lib/x86_64-linux-gnu/libc-2.28.so
4002046000-4002048000 rw-p 001ba000 fe:01 4197435                        /lib/x86_64-linux-gnu/libc-2.28.so
4002048000-400204e000 rw-p 00000000 00:00 0 
400204e000-400317d000 r--p 00000000 fe:01 10224031                       /usr/local/openjdk-11/lib/server/libjvm.so
400317d000-400337d000 ---p 0112f000 fe:01 10224031                       /usr/local/openjdk-11/lib/server/libjvm.so
400337d000-4003459000 r--p 0112f000 fe:01 10224031                       /usr/local/openjdk-11/lib/server/libjvm.so
4003459000-4003492000 rw-p 0120b000 fe:01 10224031                       /usr/local/openjdk-11/lib/server/libjvm.so
4003492000-40034e9000 rw-p 00000000 00:00 0 
40034ee000-4003577000 r--p 00000000 fe:01 4199518                        /usr/lib/x86_64-linux-gnu/libstdc++.so.6.0.25
4003577000-4003623000 r--p 00089000 fe:01 4199518                        /usr/lib/x86_64-linux-gnu/libstdc++.so.6.0.25
4003623000-4003661000 r--p 00135000 fe:01 4199518                        /usr/lib/x86_64-linux-gnu/libstdc++.so.6.0.25
4003661000-4003662000 ---p 00173000 fe:01 4199518                        /usr/lib/x86_64-linux-gnu/libstdc++.so.6.0.25
4003662000-400366c000 r--p 00173000 fe:01 4199518                        /usr/lib/x86_64-linux-gnu/libstdc++.so.6.0.25
400366c000-400366e000 rw-p 0017d000 fe:01 4199518                        /usr/lib/x86_64-linux-gnu/libstdc++.so.6.0.25
400366e000-4003672000 rw-p 00000000 00:00 0 
4003672000-400367f000 r--p 00000000 fe:01 4197462                        /lib/x86_64-linux-gnu/libm-2.28.so
400367f000-400371e000 r--p 0000d000 fe:01 4197462                        /lib/x86_64-linux-gnu/libm-2.28.so
400371e000-40037f3000 r--p 000ac000 fe:01 4197462                        /lib/x86_64-linux-gnu/libm-2.28.so
40037f3000-40037f4000 r--p 00180000 fe:01 4197462                        /lib/x86_64-linux-gnu/libm-2.28.so
40037f4000-40037f5000 rw-p 00181000 fe:01 4197462                        /lib/x86_64-linux-gnu/libm-2.28.so
40037f5000-40037f8000 r--p 00000000 fe:01 4197455                        /lib/x86_64-linux-gnu/libgcc_s.so.1
40037f8000-4003809000 r--p 00003000 fe:01 4197455                        /lib/x86_64-linux-gnu/libgcc_s.so.1
4003809000-400380c000 r--p 00014000 fe:01 4197455                        /lib/x86_64-linux-gnu/libgcc_s.so.1
400380c000-400380d000 ---p 00017000 fe:01 4197455                        /lib/x86_64-linux-gnu/libgcc_s.so.1
400380d000-400380e000 r--p 00017000 fe:01 4197455                        /lib/x86_64-linux-gnu/libgcc_s.so.1
400380e000-400380f000 rw-p 00018000 fe:01 4197455                        /lib/x86_64-linux-gnu/libgcc_s.so.1
400380f000-4003813000 ---p 00000000 00:00 0 
4003813000-4003910000 rw-p 00000000 00:00 0 
4004000000-400559e000 rw-p 00000000 00:00 0 
400559e000-4008000000 ---p 00000000 00:00 0 
400b915000-400b917000 r--p 00000000 fe:01 4197506                        /lib/x86_64-linux-gnu/librt-2.28.so
400b917000-400b91b000 r--p 00002000 fe:01 4197506                        /lib/x86_64-linux-gnu/librt-2.28.so
400b91b000-400b91d000 r--p 00006000 fe:01 4197506                        /lib/x86_64-linux-gnu/librt-2.28.so
400b91d000-400b91e000 r--p 00007000 fe:01 4197506                        /lib/x86_64-linux-gnu/librt-2.28.so
400b91e000-400b91f000 rw-p 00008000 fe:01 4197506                        /lib/x86_64-linux-gnu/librt-2.28.so
400b91f000-400b92d000 r--p 00000000 fe:01 10224016                       /usr/local/openjdk-11/lib/libverify.so
400b92d000-400bb2c000 ---p 0000e000 fe:01 10224016                       /usr/local/openjdk-11/lib/libverify.so
400bb2c000-400bb2e000 r--p 0000d000 fe:01 10224016                       /usr/local/openjdk-11/lib/libverify.so
400bb2e000-400bb2f000 rw-p 00000000 00:00 0 
400bb2f000-400bb58000 r--p 00000000 fe:01 10223992                       /usr/local/openjdk-11/lib/libjava.so
400bb58000-400bd58000 ---p 00029000 fe:01 10223992                       /usr/local/openjdk-11/lib/libjava.so
400bd58000-400bd59000 r--p 00029000 fe:01 10223992                       /usr/local/openjdk-11/lib/libjava.so
400bd59000-400bd5a000 rw-p 0002a000 fe:01 10223992                       /usr/local/openjdk-11/lib/libjava.so
400bd5a000-400bd5b000 rw-p 00000000 00:00 0 
400bd5b000-400bd66000 r--p 00000000 fe:01 10223998                       /usr/local/openjdk-11/lib/libjimage.so
400bd66000-400bf65000 ---p 0000b000 fe:01 10223998                       /usr/local/openjdk-11/lib/libjimage.so
400bf65000-400bf66000 r--p 0000a000 fe:01 10223998                       /usr/local/openjdk-11/lib/libjimage.so
400bf66000-400bf67000 rw-p 0000b000 fe:01 10223998                       /usr/local/openjdk-11/lib/libjimage.so
400bf67000-4011a5c000 r--s 00000000 fe:01 10224018                       /usr/local/openjdk-11/lib/modules
4011a5c000-4011a5d000 ---p 00000000 00:00 0 
4011a5d000-4011a5e000 r--p 00000000 00:00 0 
4011a63000-4011a66000 r--p 00000000 fe:01 4197483                        /lib/x86_64-linux-gnu/libnss_files-2.28.so
4011a66000-4011a6d000 r--p 00003000 fe:01 4197483                        /lib/x86_64-linux-gnu/libnss_files-2.28.so
4011a6d000-4011a6f000 r--p 0000a000 fe:01 4197483                        /lib/x86_64-linux-gnu/libnss_files-2.28.so
4011a6f000-4011a70000 ---p 0000c000 fe:01 4197483                        /lib/x86_64-linux-gnu/libnss_files-2.28.so
4011a70000-4011a71000 r--p 0000c000 fe:01 4197483                        /lib/x86_64-linux-gnu/libnss_files-2.28.so
4011a71000-4011a72000 rw-p 0000d000 fe:01 4197483                        /lib/x86_64-linux-gnu/libnss_files-2.28.so
4011a72000-4011a78000 rw-p 00000000 00:00 0 
4011a78000-4011a80000 rw-s 00000000 fe:01 11945298                       /tmp/hsperfdata_185/52
4011a80000-4011a87000 r--p 00000000 fe:01 10224017                       /usr/local/openjdk-11/lib/libzip.so
4011a87000-4011c87000 ---p 00007000 fe:01 10224017                       /usr/local/openjdk-11/lib/libzip.so
4011c87000-4011c88000 r--p 00007000 fe:01 10224017                       /usr/local/openjdk-11/lib/libzip.so
4011c88000-4011c89000 rw-p 00000000 00:00 0 
4011c89000-4011c8a000 r-xp 00000000 00:00 0 
4011c8a000-4011c91000 rw-p 00000000 00:00 0 
4011c91000-4011c94000 r-xp 00000000 00:00 0 
4011c94000-4011c95000 rw-p 00000000 00:00 0 
4011c95000-4011cac000 r-xp 00000000 00:00 0 
4011cac000-4011cad000 rw-p 00000000 00:00 0 
4011cad000-4011cae000 rwxp 00000000 00:00 0 
4011cae000-4011caf000 r-xp 00000000 00:00 0 
4011caf000-4011cb6000 rw-p 00000000 00:00 0 
4011cb6000-4011cb8000 r-xp 00000000 00:00 0 
4011cb8000-4011cb9000 rw-p 00000000 00:00 0 
4011cb9000-4011cbd000 r-xp 00000000 00:00 0 
4011cbd000-4011cbe000 rw-p 00000000 00:00 0 
4011cbe000-4011cc3000 r-xp 00000000 00:00 0 
4011cc3000-4011cc4000 rw-p 00000000 00:00 0 
4011cc4000-4011cc7000 r-xp 00000000 00:00 0 
4011cc7000-4011cc8000 rw-p 00000000 00:00 0 
4011cc8000-4011ccf000 r-xp 00000000 00:00 0 
4011ccf000-4011cd2000 rw-p 00000000 00:00 0 
4011cd2000-4011cd6000 r-xp 00000000 00:00 0 
4011cd6000-4011cd8000 rw-p 00000000 00:00 0 
4011cd8000-4011cd9000 r-xp 00000000 00:00 0 
4011cd9000-4011ce0000 rw-p 00000000 00:00 0 
4011ce0000-4011ce1000 r-xp 00000000 00:00 0 
4011ce1000-4011ceb000 rw-p 00000000 00:00 0 
4011ceb000-4011ced000 r-xp 00000000 00:00 0 
4011ced000-4011cee000 rw-p 00000000 00:00 0 
4011cee000-4011cef000 r-xp 00000000 00:00 0 
4011cef000-4011d7d000 rw-p 00000000 00:00 0 
4011d7d000-4011d7e000 r-xp 00000000 00:00 0 
4011d7e000-4011d82000 rw-p 00000000 00:00 0 
4011d82000-4011d85000 r-xp 00000000 00:00 0 
4011d85000-4011d86000 rw-p 00000000 00:00 0 
4011d86000-4011d87000 r-xp 00000000 00:00 0 
4011d87000-4011d89000 rw-p 00000000 00:00 0 
4011d89000-4011d8b000 r-xp 00000000 00:00 0 
4011d8b000-4011d91000 rw-p 00000000 00:00 0 
4011d91000-4011d92000 r-xp 00000000 00:00 0 
4011d92000-4011ef9000 rw-p 00000000 00:00 0 
4011ef9000-4012219000 ---p 00000000 00:00 0 
4012219000-401221a000 rwxp 00000000 00:00 0 
401221a000-4012222000 r-xp 00000000 00:00 0 
4012222000-4012223000 rwxp 00000000 00:00 0 
4012223000-401222b000 r-xp 00000000 00:00 0 
401222b000-401222e000 rwxp 00000000 00:00 0 
401222e000-4012232000 r-xp 00000000 00:00 0 
4012232000-4012233000 rwxp 00000000 00:00 0 
4012233000-4012261000 r-xp 00000000 00:00 0 
4012261000-4012263000 rwxp 00000000 00:00 0 
4012263000-4012266000 r-xp 00000000 00:00 0 
4012266000-4012267000 rw-p 00000000 00:00 0 
4012267000-4012268000 rwxp 00000000 00:00 0 
4012268000-4012270000 r-xp 00000000 00:00 0 
4012270000-4012271000 rwxp 00000000 00:00 0 
4012271000-401227d000 r-xp 00000000 00:00 0 
401227d000-401227e000 rw-p 00000000 00:00 0 
401227e000-401228b000 r-xp 00000000 00:00 0 
401228b000-401228c000 rw-p 00000000 00:00 0 
401228c000-4012297000 r-xp 00000000 00:00 0 
4012297000-4012298000 rw-p 00000000 00:00 0 
4012298000-4012299000 r-xp 00000000 00:00 0 
4012299000-401229a000 rwxp 00000000 00:00 0 
401229a000-40122a7000 r-xp 00000000 00:00 0 
40122a7000-40122a8000 rwxp 00000000 00:00 0 
40122a8000-40122a9000 r-xp 00000000 00:00 0 
40122a9000-40122aa000 rw-p 00000000 00:00 0 
40122aa000-40122ac000 r-xp 00000000 00:00 0 
40122ac000-40122ad000 rwxp 00000000 00:00 0 
40122ad000-40122af000 r-xp 00000000 00:00 0 
40122af000-40122b0000 rw-p 00000000 00:00 0 
40122b0000-40122b1000 rwxp 00000000 00:00 0 
40122b1000-40122b3000 r-xp 00000000 00:00 0 
40122b3000-40122b4000 rw-p 00000000 00:00 0 
40122b4000-40122b5000 r-xp 00000000 00:00 0 
40122b5000-40122b6000 rw-p 00000000 00:00 0 
40122b6000-40122bd000 r-xp 00000000 00:00 0 
40122bd000-40122be000 rw-p 00000000 00:00 0 
40122be000-40122cc000 r-xp 00000000 00:00 0 
40122cc000-40122cd000 rw-p 00000000 00:00 0 
40122cd000-40122ce000 r-xp 00000000 00:00 0 
40122ce000-40122cf000 rw-p 00000000 00:00 0 
40122cf000-40122ee000 r-xp 00000000 00:00 0 
40122ee000-4012489000 rw-p 00000000 00:00 0 
4012489000-4019751000 ---p 00000000 00:00 0 
4019751000-4019763000 r-xp 00000000 00:00 0 
4019763000-4019764000 rw-p 00000000 00:00 0 
4019764000-4019768000 r-xp 00000000 00:00 0 
4019768000-4019769000 rw-p 00000000 00:00 0 
4019769000-4019772000 r-xp 00000000 00:00 0 
4019772000-4019773000 rw-p 00000000 00:00 0 
4019773000-4019776000 r-xp 00000000 00:00 0 
4019776000-4019777000 rw-p 00000000 00:00 0 
4019777000-4019778000 r-xp 00000000 00:00 0 
4019778000-4019779000 rw-p 00000000 00:00 0 
4019779000-401977b000 r-xp 00000000 00:00 0 
401977b000-401977c000 rw-p 00000000 00:00 0 
401977c000-401977f000 r-xp 00000000 00:00 0 
401977f000-4019780000 rwxp 00000000 00:00 0 
4019780000-4019783000 r-xp 00000000 00:00 0 
4019783000-40199c1000 rw-p 00000000 00:00 0 
40199c1000-4020c89000 ---p 00000000 00:00 0 
4020c89000-4020c8e000 rw-p 00000000 00:00 0 
4020c8e000-4020c95000 ---p 00000000 00:00 0 
4020c95000-4020c9a000 rw-p 00000000 00:00 0 
4020c9a000-4020d80000 ---p 00000000 00:00 0 
4020d80000-4020d85000 rw-p 00000000 00:00 0 
4020d85000-4020e6b000 ---p 00000000 00:00 0 
4020e6b000-4020e6c000 ---p 00000000 00:00 0 
4020e6c000-4020f6d000 rw-p 00000000 00:00 0 
4024000000-4024021000 rw-p 00000000 00:00 0 
4024021000-4028000000 ---p 00000000 00:00 0 
4028f6d000-40293b0000 rw-p 00000000 00:00 0 
40293b0000-4029570000 ---p 00000000 00:00 0 
4029570000-40295b0000 rw-p 00000000 00:00 0 
40295b0000-4029770000 ---p 00000000 00:00 0 
4029770000-40297b0000 rw-p 00000000 00:00 0 
40297b0000-4029970000 ---p 00000000 00:00 0 
4029970000-4029b69000 rw-p 00000000 00:00 0 
4029b69000-402a969000 ---p 00000000 00:00 0 
402a969000-402ab69000 rw-p 00000000 00:00 0 
402ab69000-402b969000 ---p 00000000 00:00 0 
402b969000-402b994000 rw-p 00000000 00:00 0 
402b994000-402b995000 ---p 00000000 00:00 0 
402b995000-402ba96000 rw-p 00000000 00:00 0 
402c000000-402c021000 rw-p 00000000 00:00 0 
402c021000-4030000000 ---p 00000000 00:00 0 
4033a96000-4033a97000 ---p 00000000 00:00 0 
4033a97000-4033b98000 rw-p 00000000 00:00 0 
4034000000-4034021000 rw-p 00000000 00:00 0 
4034021000-4038000000 ---p 00000000 00:00 0 
403bb98000-403df9c000 rw-p 00000000 00:00 0 
403df9c000-403df9d000 ---p 00000000 00:00 0 
403df9d000-403e09e000 rw-p 00000000 00:00 0 
4040000000-4040021000 rw-p 00000000 00:00 0 
4040021000-4044000000 ---p 00000000 00:00 0 
404609e000-404609f000 ---p 00000000 00:00 0 
404609f000-40461a0000 rw-p 00000000 00:00 0 
4048000000-4048021000 rw-p 00000000 00:00 0 
4048021000-404c000000 ---p 00000000 00:00 0 
42ce1a0000-42ce8a2000 rw-p 00000000 00:00 0 
42ce8a2000-42ce9e2000 ---p 00000000 00:00 0 
42ce9e2000-42ceae6000 rw-p 00000000 00:00 0 
42ceae6000-42ceae7000 ---p 00000000 00:00 0 
42ceae7000-42cebe8000 rw-p 00000000 00:00 0 
42d0000000-42d0021000 rw-p 00000000 00:00 0 
42d0021000-42d4000000 ---p 00000000 00:00 0 
42d6be8000-42d6bec000 ---p 00000000 00:00 0 
42d6bec000-42d6ce9000 rw-p 00000000 00:00 0 
42d8000000-42d8021000 rw-p 00000000 00:00 0 
42d8021000-42dc000000 ---p 00000000 00:00 0 
42dece9000-42deced000 ---p 00000000 00:00 0 
42deced000-42dedea000 rw-p 00000000 00:00 0 
42e0000000-42e0021000 rw-p 00000000 00:00 0 
42e0021000-42e4000000 ---p 00000000 00:00 0 
42e6dea000-42e6deb000 r--p 00000000 fe:01 4197960                        /usr/lib/locale/C.UTF-8/LC_IDENTIFICATION
42e6deb000-42e6df2000 r--s 00000000 fe:01 4199472                        /usr/lib/x86_64-linux-gnu/gconv/gconv-modules.cache
42e6df2000-42e6df3000 r--p 00000000 fe:01 4197961                        /usr/lib/locale/C.UTF-8/LC_MEASUREMENT
42e6df3000-42e6df4000 r--p 00000000 fe:01 4199209                        /usr/lib/locale/C.UTF-8/LC_TELEPHONE
42e6df4000-42e6df5000 r--p 00000000 fe:01 4197957                        /usr/lib/locale/C.UTF-8/LC_ADDRESS
42e6df5000-42e6df6000 r--p 00000000 fe:01 4199206                        /usr/lib/locale/C.UTF-8/LC_NAME
42e6df6000-42e6df7000 r--p 00000000 fe:01 4199208                        /usr/lib/locale/C.UTF-8/LC_PAPER
42e6df7000-42e6df8000 r--p 00000000 fe:01 4199204                        /usr/lib/locale/C.UTF-8/LC_MESSAGES/SYS_LC_MESSAGES
42e6df8000-42e6df9000 r--p 00000000 fe:01 4199205                        /usr/lib/locale/C.UTF-8/LC_MONETARY
42e6df9000-42e6f6c000 r--p 00000000 fe:01 4197958                        /usr/lib/locale/C.UTF-8/LC_COLLATE
42e6f6c000-42e6f6d000 r--p 00000000 fe:01 4199210                        /usr/lib/locale/C.UTF-8/LC_TIME
42e6f6d000-42e6f6e000 r--p 00000000 fe:01 4199207                        /usr/lib/locale/C.UTF-8/LC_NUMERIC
42e6f6e000-42e6fa0000 r--p 00000000 fe:01 4197959                        /usr/lib/locale/C.UTF-8/LC_CTYPE
42e6fa0000-42e6fa4000 ---p 00000000 00:00 0 
42e6fa4000-42e70a1000 rw-p 00000000 00:00 0 
42e8000000-42e8021000 rw-p 00000000 00:00 0 
42e8021000-42ec000000 ---p 00000000 00:00 0 
42ef0a1000-42ef0a5000 ---p 00000000 00:00 0 
42ef0a5000-42ef1a2000 rw-p 00000000 00:00 0 
42f0000000-42f0021000 rw-p 00000000 00:00 0 
42f0021000-42f4000000 ---p 00000000 00:00 0 
42f71a2000-42f71a6000 ---p 00000000 00:00 0 
42f71a6000-42f72a3000 rw-p 00000000 00:00 0 
42f8000000-42f84bd000 rw-p 00000000 00:00 0 
42f84bd000-42fc000000 ---p 00000000 00:00 0 
42ff2a3000-42ff2a7000 ---p 00000000 00:00 0 
42ff2a7000-42ff3a4000 rw-p 00000000 00:00 0 
4300000000-4300233000 rw-p 00000000 00:00 0 
4300233000-4304000000 ---p 00000000 00:00 0 
43073a4000-43073a8000 ---p 00000000 00:00 0 
43073a8000-43074a5000 rw-p 00000000 00:00 0 
4308000000-4308021000 rw-p 00000000 00:00 0 
4308021000-430c000000 ---p 00000000 00:00 0 
430f4a5000-430f4a6000 ---p 00000000 00:00 0 
430f4a6000-430f5a7000 rw-p 00000000 00:00 0 
4310000000-4310021000 rw-p 00000000 00:00 0 
4310021000-4314000000 ---p 00000000 00:00 0 
43175a7000-43175ab000 ---p 00000000 00:00 0 
43175ab000-43176a8000 rw-p 00000000 00:00 0 
4318000000-4318021000 rw-p 00000000 00:00 0 
4318021000-431c000000 ---p 00000000 00:00 0 
431f6a8000-431f6b8000 r--p 00000000 fe:01 10224009                       /usr/local/openjdk-11/lib/libnio.so
431f6b8000-431f8b8000 ---p 00010000 fe:01 10224009                       /usr/local/openjdk-11/lib/libnio.so
431f8b8000-431f8b9000 r--p 00010000 fe:01 10224009                       /usr/local/openjdk-11/lib/libnio.so
431f8b9000-431f8ba000 rw-p 00011000 fe:01 10224009                       /usr/local/openjdk-11/lib/libnio.so
431f8ba000-431f8d1000 r--p 00000000 fe:01 10224008                       /usr/local/openjdk-11/lib/libnet.so
431f8d1000-431fad0000 ---p 00017000 fe:01 10224008                       /usr/local/openjdk-11/lib/libnet.so
431fad0000-431fad1000 r--p 00016000 fe:01 10224008                       /usr/local/openjdk-11/lib/libnet.so
431fad1000-431fad2000 rw-p 00017000 fe:01 10224008                       /usr/local/openjdk-11/lib/libnet.so
431fad2000-431fb03000 rw-p 00000000 00:00 0 
431fdc0000-431fdc1000 ---p 00000000 00:00 0 
431fdc1000-431fec2000 rw-p 00000000 00:00 0 
4320000000-4320021000 rw-p 00000000 00:00 0 
4320021000-4324000000 ---p 00000000 00:00 0 
4327ec2000-4327ec3000 ---p 00000000 00:00 0 
4327ec3000-4327fc4000 rw-p 00000000 00:00 0 
4328000000-4328021000 rw-p 00000000 00:00 0 
4328021000-432c000000 ---p 00000000 00:00 0 
432ffc4000-432ffc8000 ---p 00000000 00:00 0 
432ffc8000-43300c5000 rw-p 00000000 00:00 0 
4334000000-4334348000 rw-p 00000000 00:00 0 
4334348000-4338000000 ---p 00000000 00:00 0 
ffff4f483000-ffff4fb0a000 rw-p 00000000 00:00 0 
ffff89090000-ffff895d4000 rw-p 00000000 00:00 0 
ffff895d4000-ffff89791000 rw-p 00000000 00:00 0 
ffff89791000-ffff89793000 ---p 00000000 00:00 0 
ffff89793000-ffff898f4000 rw-p 00000000 00:00 0 
ffff898f4000-ffff898f6000 ---p 00000000 00:00 0 
ffff898f6000-ffff89c82000 rw-p 00000000 00:00 0 
ffff89c82000-ffff89c84000 ---p 00000000 00:00 0 
ffff89c84000-ffff8a21d000 rw-p 00000000 00:00 0 
ffff8a21d000-ffff8a21f000 ---p 00000000 00:00 0 
ffff8a21f000-ffff8a98d000 rw-p 00000000 00:00 0 
ffff8a98d000-ffff8a98f000 ---p 00000000 00:00 0 
ffff8a98f000-ffff8aa5f000 rw-p 00000000 00:00 0 
ffff8aa5f000-ffff8aa61000 ---p 00000000 00:00 0 
ffff8aa61000-ffff8aba2000 rw-p 00000000 00:00 0 
ffff8aba2000-ffff8aba4000 ---p 00000000 00:00 0 
ffff8aba4000-ffff8ad14000 rw-p 00000000 00:00 0 
ffff8ad14000-ffff8ad16000 ---p 00000000 00:00 0 
ffff8ad16000-ffff8ade2000 rw-p 00000000 00:00 0 
ffff8ade2000-ffff8ade4000 ---p 00000000 00:00 0 
ffff8ade4000-ffff8afa3000 rw-p 00000000 00:00 0 
ffff8afa3000-ffff8afa5000 ---p 00000000 00:00 0 
ffff8afa5000-ffff8b0ed000 rw-p 00000000 00:00 0 
ffff8b0ed000-ffff8b0ef000 ---p 00000000 00:00 0 
ffff8b0ef000-ffff8b226000 rw-p 00000000 00:00 0 
ffff8b226000-ffff8b228000 ---p 00000000 00:00 0 
ffff8b228000-ffff8fc24000 rw-p 00000000 00:00 0 
ffff8fc24000-ffff8fc26000 ---p 00000000 00:00 0 
ffff8fc26000-ffff8fd01000 rw-p 00000000 00:00 0 
ffff8fd01000-ffff8fd03000 ---p 00000000 00:00 0 
ffff8fd03000-ffff8fe5d000 rw-p 00000000 00:00 0 
ffff8fe5d000-ffff8fe5f000 ---p 00000000 00:00 0 
ffff8fe5f000-ffff8ffb9000 rw-p 00000000 00:00 0 
ffff8ffb9000-ffff8ffbb000 ---p 00000000 00:00 0 
ffff8ffbb000-ffff907a8000 rw-p 00000000 00:00 0 
ffff907a8000-ffff907aa000 ---p 00000000 00:00 0 
ffff907aa000-ffff90bdc000 rw-p 00000000 00:00 0 
ffff90bdc000-ffff90bde000 ---p 00000000 00:00 0 
ffff90bde000-ffff90e36000 rw-p 00000000 00:00 0 
ffff90e36000-ffff98e35000 rwxp 00000000 00:00 0 
ffff98e35000-ffff98e36000 ---p 00000000 00:00 0 
ffff98e36000-ffff98f61000 rw-p 00000000 00:00 0 
ffff98f61000-ffff98f63000 ---p 00000000 00:00 0 
ffff98f63000-ffff98f85000 rw-p 00000000 00:00 0 
ffff98f85000-ffff98f87000 r--p 00000000 00:00 0                          [vvar]
ffff98f87000-ffff98f88000 r-xp 00000000 00:00 0                          [vdso]
ffffc8c56000-ffffc8c77000 rw-p 00000000 00:00 0                          [stack]


VM Arguments:
jvm_args: -Xmx1g 
java_command: org.apache.spark.deploy.SparkSubmit --deploy-mode client --conf spark.driver.bindAddress= local:///opt/application/main.py
java_class_path (initial): /opt/spark/conf:/opt/spark/jars/spark-launcher_2.12-3.1.1.jar:/opt/spark/jars/commons-net-3.1.jar:/opt/spark/jars/jackson-mapper-asl-1.9.13.jar:/opt/spark/jars/httpclient-4.5.6.jar:/opt/spark/jars/hadoop-aws-3.2.0.jar:/opt/spark/jars/kerby-util-1.0.1.jar:/opt/spark/jars/kerb-util-1.0.1.jar:/opt/spark/jars/hive-serde-2.3.7.jar:/opt/spark/jars/HikariCP-2.5.1.jar:/opt/spark/jars/chill_2.12-0.9.5.jar:/opt/spark/jars/jetty-util-ajax-9.3.24.v20180605.jar:/opt/spark/jars/hadoop-mapreduce-client-core-3.2.0.jar:/opt/spark/jars/activation-1.1.1.jar:/opt/spark/jars/istack-commons-runtime-3.0.8.jar:/opt/spark/jars/hadoop-azure-3.2.0.jar:/opt/spark/jars/spark-mesos_2.12-3.1.1.jar:/opt/spark/jars/scala-compiler-2.12.10.jar:/opt/spark/jars/arrow-vector-2.0.0.jar:/opt/spark/jars/json4s-core_2.12-3.7.0-M5.jar:/opt/spark/jars/hadoop-annotations-3.2.0.jar:/opt/spark/jars/metrics-jmx-4.1.1.jar:/opt/spark/jars/datanucleus-core-4.1.17.jar:/opt/spark/jars/okio-1.14.0.jar:/opt/spark/jars/jackson-core-2.10.0.jar:/opt/spark/jars/breeze-macros_2.12-1.0.jar:/opt/spark/jars/spark-hive-thriftserver_2.12-3.1.1.jar:/opt/spark/jars/wildfly-openssl-1.0.4.Final.jar:/opt/spark/jars/curator-framework-2.13.0.jar:/opt/spark/jars/minlog-1.3.0.jar:/opt/spark/jars/kerb-core-1.0.1.jar:/opt/spark/jars/commons-crypto-1.1.0.jar:/opt/spark/jars/commons-configuration2-2.1.1.jar:/opt/spark/jars/azure-storage-7.0.0.jar:/opt/spark/jars/kerb-common-1.0.1.jar:/opt/spark/jars/kubernetes-model-rbac-4.12.0.jar:/opt/spark/jars/spark-hive_2.12-3.1.1.jar:/opt/spark/jars/slf4j-log4j12-1.7.30.jar:/opt/spark/jars/jaxb-runtime-2.3.2.jar:/opt/spark/jars/parquet-jackson-1.10.1.jar:/opt/spark/jars/hive-shims-2.3.7.jar:/opt/spark/jars/transaction-api-1.1.jar:/opt/spark/jars/spark-catalyst_2.12-3.1.1.jar:/opt/spark/jars/jackson-datatype-jsr310-2.11.2.jar:/opt/spark/jars/oro-2.0.8.jar:/opt/spark/jars/jul-to-slf4j-1.7.30.jar:/opt/spark/jars/hive-shims-common-2.3.7.jar:/opt/spark/jars/commons-httpclient-3.1
Launcher Type: SUN_STANDARD

[Global flags]
     intx CICompilerCount                          = 3                                         {product} {ergonomic}
     uint ConcGCThreads                            = 1                                         {product} {ergonomic}
     uint G1ConcRefinementThreads                  = 4                                         {product} {ergonomic}
   size_t G1HeapRegionSize                         = 1048576                                   {product} {ergonomic}
    uintx GCDrainStackTargetSize                   = 64                                        {product} {ergonomic}
   size_t InitialHeapSize                          = 132120576                                 {product} {ergonomic}
   size_t MarkStackSize                            = 4194304                                   {product} {ergonomic}
   size_t MaxHeapSize                              = 1073741824                                {product} {command line}
   size_t MaxNewSize                               = 643825664                                 {product} {ergonomic}
   size_t MinHeapDeltaBytes                        = 1048576                                   {product} {ergonomic}
    uintx NonNMethodCodeHeapSize                   = 5830732                                {pd product} {ergonomic}
    uintx NonProfiledCodeHeapSize                  = 122913754                              {pd product} {ergonomic}
    uintx ProfiledCodeHeapSize                     = 122913754                              {pd product} {ergonomic}
    uintx ReservedCodeCacheSize                    = 251658240                              {pd product} {ergonomic}
     bool SegmentedCodeCache                       = true                                      {product} {ergonomic}
     bool UseCompressedClassPointers               = true                                 {lp64_product} {ergonomic}
     bool UseCompressedOops                        = true                                 {lp64_product} {ergonomic}
     bool UseG1GC                                  = true                                      {product} {ergonomic}

Logging:
Log output configuration:
 #0: stdout all=warning uptime,level,tags
 #1: stderr all=off uptime,level,tags

Environment Variables:
JAVA_HOME=/usr/local/openjdk-11
PATH=/opt/conda/bin:/usr/local/openjdk-11/bin:/usr/local/sbin:/usr/local/bin:/usr/sbin:/usr/bin:/sbin:/bin
LANG=C.UTF-8

Signal Handlers:
SIGSEGV: [libjvm.so+0xe12410], sa_mask[0]=11111111111111111111111111111110, sa_flags=SA_RESTART|SA_SIGINFO
SIGBUS: [libjvm.so+0xe12410], sa_mask[0]=11111111111111111111111111111110, sa_flags=SA_RESTART|SA_SIGINFO
SIGFPE: [libjvm.so+0xe12410], sa_mask[0]=11111111111111111111111111111110, sa_flags=SA_RESTART|SA_SIGINFO
SIGPIPE: [libjvm.so+0xc009c0], sa_mask[0]=11111111111111111111111111111110, sa_flags=SA_RESTART|SA_SIGINFO
SIGXFSZ: [libjvm.so+0xc009c0], sa_mask[0]=11111111111111111111111111111110, sa_flags=SA_RESTART|SA_SIGINFO
SIGILL: [libjvm.so+0xe12410], sa_mask[0]=11111111111111111111111111111110, sa_flags=SA_RESTART|SA_SIGINFO
SIGUSR2: [libjvm.so+0xc00770], sa_mask[0]=00000000000000000000000000000000, sa_flags=SA_RESTART|SA_SIGINFO
SIGHUP: [libjvm.so+0xc04cd0], sa_mask[0]=11111111111111111111111111111110, sa_flags=SA_RESTART|SA_SIGINFO
SIGINT: [libjvm.so+0xc04cd0], sa_mask[0]=11111111111111111111111111111110, sa_flags=SA_RESTART|SA_SIGINFO
SIGTERM: [libjvm.so+0xc04cd0], sa_mask[0]=11111111111111111111111111111110, sa_flags=SA_RESTART|SA_SIGINFO
SIGQUIT: [libjvm.so+0xc04cd0], sa_mask[0]=11111111111111111111111111111110, sa_flags=SA_RESTART|SA_SIGINFO


---------------  S Y S T E M  ---------------

OS:PRETTY_NAME="Debian GNU/Linux 10 (buster)"
NAME="Debian GNU/Linux"
VERSION_ID="10"
VERSION="10 (buster)"
VERSION_CODENAME=buster
ID=debian
HOME_URL="https://www.debian.org/"
SUPPORT_URL="https://www.debian.org/support"
BUG_REPORT_URL="https://bugs.debian.org/"
uname:Linux 5.10.47-linuxkit #1 SMP PREEMPT Sat Jul 3 21:50:16 UTC 2021 x86_64
OS uptime: 0 days 3:46 hours
libc:glibc 2.28 NPTL 2.28 
rlimit (soft/hard): STACK 8192k/infinity , CORE 0k/infinity , NPROC infinity/infinity , NOFILE 1048576/1048576 , AS infinity/infinity , CPU infinity/infinity , DATA infinity/infinity , FSIZE infinity/infinity , MEMLOCK 64k/64k
load average:0.16 0.05 0.05

/proc/meminfo:
MemTotal:        8142240 kB
MemFree:         1695908 kB
MemAvailable:    6604088 kB
Buffers:          401008 kB
Cached:          4350668 kB
SwapCached:            0 kB
Active:           660192 kB
Inactive:        4908620 kB
Active(anon):      69604 kB
Inactive(anon):  1136664 kB
Active(file):     590588 kB
Inactive(file):  3771956 kB
Unevictable:           0 kB
Mlocked:               0 kB
SwapTotal:       1048572 kB
SwapFree:        1048572 kB
Dirty:               164 kB
Writeback:             0 kB
AnonPages:        804148 kB
Mapped:           299644 kB
Shmem:            403864 kB
KReclaimable:     745684 kB
Slab:             826088 kB
SReclaimable:     745684 kB
SUnreclaim:        80404 kB
KernelStack:        8704 kB
PageTables:         6100 kB
NFS_Unstable:          0 kB
Bounce:                0 kB
WritebackTmp:          0 kB
CommitLimit:     5119692 kB
Committed_AS:    6089128 kB
VmallocTotal:   135290159040 kB
VmallocUsed:        9732 kB
VmallocChunk:          0 kB
Percpu:             1952 kB
AnonHugePages:    100352 kB
ShmemHugePages:        0 kB
ShmemPmdMapped:        0 kB
FileHugePages:         0 kB
FilePmdMapped:         0 kB
HugePages_Total:       0
HugePages_Free:        0
HugePages_Rsvd:        0
HugePages_Surp:        0
Hugepagesize:       2048 kB
Hugetlb:               0 kB

/sys/kernel/mm/transparent_hugepage/enabled:
always [madvise] never
/sys/kernel/mm/transparent_hugepage/defrag (defrag/compaction efforts parameter):
always defer defer+madvise [madvise] never

Process Memory:
Virtual Size: 4133412K (peak: 12645968K)
Resident Set Size: 309636K (peak: 309636K) (anon: 281072K, file: 28564K, shmem: 0K)
Swapped out: 0K
C-Heap outstanding allocations: 29705K

/proc/sys/kernel/threads-max (system-wide limit on the number of threads):
62562
/proc/sys/vm/max_map_count (maximum number of memory map areas a process may have):
262144
/proc/sys/kernel/pid_max (system-wide limit on number of process identifiers):
99999

container (cgroup) information:
container_type: cgroupv1
cpu_cpuset_cpus: 0-3
cpu_memory_nodes: 0
active_processor_count: 4
cpu_quota: -1
cpu_period: 100000
cpu_shares: -1
memory_limit_in_bytes: -1
memory_and_swap_limit_in_bytes: -1
memory_soft_limit_in_bytes: -1
memory_usage_in_bytes: 299048960
memory_max_usage_in_bytes: 299171840

Steal ticks since vm start: 0
Steal ticks percentage since vm start:  0.000

CPU:total 4 (initial active 4) (1 cores per cpu, 1 threads per core) family 15 model 107 stepping 1 microcode 0x0, cmov, cx8, fxsr, mmx, sse, sse2, sse3, ssse3, sse4.1, sse4.2, popcnt, aes, clmul, erms, mmxext, 3dnowpref, lzcnt, tsc, bmi1, bmi2, adx

/proc/cpuinfo:
processor	: 0
BogoMIPS	: 48.00
Features	: fp asimd evtstrm aes pmull sha1 sha2 crc32 atomics fphp asimdhp cpuid asimdrdm jscvt fcma lrcpc dcpop sha3 asimddp sha512 asimdfhm dit uscat ilrcpc flagm sb paca pacg dcpodp flagm2 frint
CPU implementer	: 0x00
CPU architecture: 8
CPU variant	: 0x0
CPU part	: 0x000
CPU revision	: 0

processor	: 1
BogoMIPS	: 48.00
Features	: fp asimd evtstrm aes pmull sha1 sha2 crc32 atomics fphp asimdhp cpuid asimdrdm jscvt fcma lrcpc dcpop sha3 asimddp sha512 asimdfhm dit uscat ilrcpc flagm sb paca pacg dcpodp flagm2 frint
CPU implementer	: 0x00
CPU architecture: 8
CPU variant	: 0x0
CPU part	: 0x000
CPU revision	: 0

processor	: 2
BogoMIPS	: 48.00
Features	: fp asimd evtstrm aes pmull sha1 sha2 crc32 atomics fphp asimdhp cpuid asimdrdm jscvt fcma lrcpc dcpop sha3 asimddp sha512 asimdfhm dit uscat ilrcpc flagm sb paca pacg dcpodp flagm2 frint
CPU implementer	: 0x00
CPU architecture: 8
CPU variant	: 0x0
CPU part	: 0x000
CPU revision	: 0

processor	: 3
BogoMIPS	: 48.00
Features	: fp asimd evtstrm aes pmull sha1 sha2 crc32 atomics fphp asimdhp cpuid asimdrdm jscvt fcma lrcpc dcpop sha3 asimddp sha512 asimdfhm dit uscat ilrcpc flagm sb paca pacg dcpodp flagm2 frint
CPU implementer	: 0x00
CPU architecture: 8
CPU variant	: 0x0
CPU part	: 0x000
CPU revision	: 0

Online cpus:
0-3
Offline cpus:

BIOS frequency limitation:
<Not Available>
Frequency switch latency (ns):
<Not Available>
Available cpu frequencies:
<Not Available>
Current governor:
<Not Available>
Core performance/turbo boost:
<Not Available>

Memory: 4k page, physical 8142240k(1695624k free), swap 1048572k(1048572k free)

vm_info: OpenJDK 64-Bit Server VM (11.0.12+7) for linux-amd64 JRE (11.0.12+7), built on Jul 14 2021 12:53:10 by "openjdk" with gcc 4.4.7 20120313 (Red Hat 4.4.7-23)

END.
